<?xml version="1.0" encoding="UTF-8"?>
<testsuite xmlns:xsi="http://www.w3.org/2001/XMLSchema-instance" xsi:noNamespaceSchemaLocation="https://maven.apache.org/surefire/maven-surefire-plugin/xsd/surefire-test-report-3.0.xsd" version="3.0" name="TestSPR1" time="1.466" tests="1" errors="0" skipped="0" failures="0">
  <properties>
[...]
</properties>
  <testcase name="testInjectedString" classname="TestSPR1" time="0.008">
    <system-out><![CDATA[12:21:00.535 [main] DEBUG org.springframework.test.context.BootstrapUtils - Instantiating CacheAwareContextLoaderDelegate from class [org.springframework.test.context.cache.DefaultCacheAwareContextLoaderDelegate]
12:21:00.535 [main] DEBUG org.springframework.test.context.BootstrapUtils - Instantiating BootstrapContext using constructor [public org.springframework.test.context.support.DefaultBootstrapContext(java.lang.Class,org.springframework.test.context.CacheAwareContextLoaderDelegate)]
12:21:00.540 [main] DEBUG org.springframework.test.context.BootstrapUtils - Instantiating TestContextBootstrapper for test class [TestSPR1] from class [org.springframework.boot.test.context.SpringBootTestContextBootstrapper]
12:21:00.548 [main] INFO org.springframework.boot.test.context.SpringBootTestContextBootstrapper - Neither @ContextConfiguration nor @ContextHierarchy found for test class [TestSPR1], using SpringBootContextLoader
12:21:00.549 [main] DEBUG org.springframework.test.context.support.AbstractContextLoader - Did not detect default resource location for test class [TestSPR1]: class path resource [TestSPR1-context.xml] does not exist
12:21:00.550 [main] DEBUG org.springframework.test.context.support.AbstractContextLoader - Did not detect default resource location for test class [TestSPR1]: class path resource [TestSPR1Context.groovy] does not exist
12:21:00.550 [main] INFO org.springframework.test.context.support.AbstractContextLoader - Could not detect default resource locations for test class [TestSPR1]: no resource found for suffixes {-context.xml, Context.groovy}.
12:21:00.556 [main] DEBUG org.springframework.test.context.support.ActiveProfilesUtils - Could not find an 'annotation declaring class' for annotation type [org.springframework.test.context.ActiveProfiles] and class [TestSPR1]
12:21:00.706 [main] DEBUG org.springframework.boot.test.context.SpringBootTestContextBootstrapper - @TestExecutionListeners is not present for class [TestSPR1]: using defaults.
12:21:00.706 [main] INFO org.springframework.boot.test.context.SpringBootTestContextBootstrapper - Loaded default TestExecutionListener class names from location [META-INF/spring.factories]: [org.springframework.boot.test.mock.mockito.MockitoTestExecutionListener, org.springframework.boot.test.mock.mockito.ResetMocksTestExecutionListener, org.springframework.boot.test.autoconfigure.restdocs.RestDocsTestExecutionListener, org.springframework.boot.test.autoconfigure.web.client.MockRestServiceServerResetTestExecutionListener, org.springframework.boot.test.autoconfigure.web.servlet.MockMvcPrintOnlyOnFailureTestExecutionListener, org.springframework.boot.test.autoconfigure.web.servlet.WebDriverTestExecutionListener, org.springframework.boot.test.autoconfigure.webservices.client.MockWebServiceServerTestExecutionListener, org.springframework.test.context.web.ServletTestExecutionListener, org.springframework.test.context.support.DirtiesContextBeforeModesTestExecutionListener, org.springframework.test.context.event.ApplicationEventsTestExecutionListener, org.springframework.test.context.support.DependencyInjectionTestExecutionListener, org.springframework.test.context.support.DirtiesContextTestExecutionListener, org.springframework.test.context.transaction.TransactionalTestExecutionListener, org.springframework.test.context.jdbc.SqlScriptsTestExecutionListener, org.springframework.test.context.event.EventPublishingTestExecutionListener]
12:21:00.708 [main] INFO org.springframework.boot.test.context.SpringBootTestContextBootstrapper - Using TestExecutionListeners: [org.springframework.test.context.web.ServletTestExecutionListener@6c8ad6d7, org.springframework.test.context.support.DirtiesContextBeforeModesTestExecutionListener@2d0778d0, org.springframework.test.context.event.ApplicationEventsTestExecutionListener@33e8694b, org.springframework.boot.test.mock.mockito.MockitoTestExecutionListener@4fc71437, org.springframework.boot.test.autoconfigure.SpringBootDependencyInjectionTestExecutionListener@75c15f76, org.springframework.test.context.support.DirtiesContextTestExecutionListener@631678e6, org.springframework.test.context.transaction.TransactionalTestExecutionListener@1344f7fe, org.springframework.test.context.jdbc.SqlScriptsTestExecutionListener@64d53f0d, org.springframework.test.context.event.EventPublishingTestExecutionListener@1b10f60e, org.springframework.boot.test.mock.mockito.ResetMocksTestExecutionListener@4b916cc2, org.springframework.boot.test.autoconfigure.restdocs.RestDocsTestExecutionListener@7f5e9949, org.springframework.boot.test.autoconfigure.web.client.MockRestServiceServerResetTestExecutionListener@323eecf8, org.springframework.boot.test.autoconfigure.web.servlet.MockMvcPrintOnlyOnFailureTestExecutionListener@2e02cc37, org.springframework.boot.test.autoconfigure.web.servlet.WebDriverTestExecutionListener@6e355249, org.springframework.boot.test.autoconfigure.webservices.client.MockWebServiceServerTestExecutionListener@652a1a17]
12:21:00.708 [main] DEBUG org.springframework.test.context.support.AbstractDirtiesContextTestExecutionListener - Before test class: context [DefaultTestContext@20b67366 testClass = TestSPR1, testInstance = [null], testMethod = [null], testException = [null], mergedContextConfiguration = [WebMergedContextConfiguration@186d6033 testClass = TestSPR1, locations = '{}', classes = '{class SpringConfig}', contextInitializerClasses = '[]', activeProfiles = '{}', propertySourceLocations = '{}', propertySourceProperties = '{org.springframework.boot.test.context.SpringBootTestContextBootstrapper=true}', contextCustomizers = set[org.springframework.boot.test.context.filter.ExcludeFilterContextCustomizer@7f485fda, org.springframework.boot.test.json.DuplicateJsonObjectContextCustomizerFactory$DuplicateJsonObjectContextCustomizer@8519cb4, org.springframework.boot.test.mock.mockito.MockitoContextCustomizer@0, org.springframework.boot.test.web.client.TestRestTemplateContextCustomizer@54caeadc, org.springframework.boot.test.autoconfigure.actuate.metrics.MetricsExportContextCustomizerFactory$DisableMetricExportContextCustomizer@7ce69770, org.springframework.boot.test.autoconfigure.properties.PropertyMappingContextCustomizer@0, org.springframework.boot.test.autoconfigure.web.servlet.WebDriverContextCustomizerFactory$Customizer@23e84203, org.springframework.boot.test.context.SpringBootTestArgs@1, org.springframework.boot.test.context.SpringBootTestWebEnvironment@78dd667e], resourceBasePath = 'src/main/webapp', contextLoader = 'org.springframework.boot.test.context.SpringBootContextLoader', parent = [null]], attributes = map['org.springframework.test.context.web.ServletTestExecutionListener.activateListener' -> true]], class annotated with @DirtiesContext [false] with mode [null].

  .   ____          _            __ _ _
 /\\ / ___'_ __ _ _(_)_ __  __ _ \ \ \ \
( ( )\___ | '_ | '_| | '_ \/ _` | \ \ \ \
 \\/  ___)| |_)| | | | | || (_| |  ) ) ) )
  '  |____| .__|_| |_|_| |_\__, | / / / /
 =========|_|==============|___/=/_/_/_/
 :: Spring Boot ::                (v2.7.1)

2023-07-08 12:21:01.213  INFO 10416 --- [           main] TestSPR1                                 : Starting TestSPR1 using Java 13.0.2 on DESKTOP-0D4Q7EP with PID 10416 (started by Manikanta in D:\advJava-finalExam-Durga)
2023-07-08 12:21:01.218  INFO 10416 --- [           main] TestSPR1                                 : No active profile set, falling back to 1 default profile: "default"
2023-07-08 12:21:01.395  INFO 10416 --- [           main] org.hibernate.dialect.Dialect            : HHH000400: Using dialect: org.hibernate.dialect.H2Dialect
Hibernate: drop table if exists bookings CASCADE 
Hibernate: drop table if exists facilities CASCADE 
Hibernate: drop table if exists MEMBERS CASCADE 
Hibernate: create table bookings (bookid integer not null, slots integer, starttime timestamp, facid integer, memid integer, primary key (bookid))
Hibernate: create table facilities (facid integer generated by default as identity, guestcost double, initialoutlay double, membercost double, monthlymaintenance double, name varchar(255), primary key (facid))
Hibernate: create table MEMBERS (memid integer not null, address varchar(255), firstname varchar(255), joindate timestamp, recommendedby integer, surname varchar(255), telephone varchar(255), zipcode integer, primary key (memid))
Hibernate: alter table bookings add constraint FKmy29jwr9nk4r0c2pq99k90dtm foreign key (facid) references facilities
Hibernate: alter table bookings add constraint FKd3cxfwlsnk0oer9lqfs0jmsda foreign key (memid) references MEMBERS
2023-07-08 12:21:01.563  INFO 10416 --- [           main] o.h.e.t.j.p.i.JtaPlatformInitiator       : HHH000490: Using JtaPlatform implementation: [org.hibernate.engine.transaction.jta.platform.internal.NoJtaPlatform]
2023-07-08 12:21:01.936  INFO 10416 --- [           main] TestSPR1                                 : Started TestSPR1 in 1.174 seconds (JVM running for 14.328)
test from spring!
]]></system-out>
  </testcase>
</testsuite>