<?xml version="1.0" encoding="UTF-8"?>
<testsuite xmlns:xsi="http://www.w3.org/2001/XMLSchema-instance" xsi:noNamespaceSchemaLocation="https://maven.apache.org/surefire/maven-surefire-plugin/xsd/surefire-test-report-3.0.xsd" version="3.0" name="TestJPA2" time="0.622" tests="1" errors="0" skipped="0" failures="0">
  <properties>
[...]
</properties>
  <testcase name="testFetchData" classname="TestJPA2" time="0.594">
    <system-out><![CDATA[12:20:56.710 [main] DEBUG org.springframework.test.context.BootstrapUtils - Instantiating CacheAwareContextLoaderDelegate from class [org.springframework.test.context.cache.DefaultCacheAwareContextLoaderDelegate]
12:20:56.711 [main] DEBUG org.springframework.test.context.BootstrapUtils - Instantiating BootstrapContext using constructor [public org.springframework.test.context.support.DefaultBootstrapContext(java.lang.Class,org.springframework.test.context.CacheAwareContextLoaderDelegate)]
12:20:56.711 [main] DEBUG org.springframework.test.context.BootstrapUtils - Instantiating TestContextBootstrapper for test class [TestJPA2] from class [org.springframework.test.context.support.DefaultTestContextBootstrapper]
12:20:56.713 [main] DEBUG org.springframework.test.context.support.AbstractDelegatingSmartContextLoader - Delegating to AnnotationConfigContextLoader to process context configuration [ContextConfigurationAttributes@7e0986c9 declaringClass = 'TestJPA2', classes = '{class SpringConfig}', locations = '{}', inheritLocations = true, initializers = '{}', inheritInitializers = true, name = [null], contextLoaderClass = 'org.springframework.test.context.ContextLoader'].
12:20:56.717 [main] DEBUG org.springframework.test.context.support.ActiveProfilesUtils - Could not find an 'annotation declaring class' for annotation type [org.springframework.test.context.ActiveProfiles] and class [TestJPA2]
12:20:56.717 [main] DEBUG org.springframework.test.context.support.DefaultTestContextBootstrapper - @TestExecutionListeners is not present for class [TestJPA2]: using defaults.
12:20:56.718 [main] INFO org.springframework.test.context.support.DefaultTestContextBootstrapper - Loaded default TestExecutionListener class names from location [META-INF/spring.factories]: [org.springframework.boot.test.mock.mockito.MockitoTestExecutionListener, org.springframework.boot.test.mock.mockito.ResetMocksTestExecutionListener, org.springframework.boot.test.autoconfigure.restdocs.RestDocsTestExecutionListener, org.springframework.boot.test.autoconfigure.web.client.MockRestServiceServerResetTestExecutionListener, org.springframework.boot.test.autoconfigure.web.servlet.MockMvcPrintOnlyOnFailureTestExecutionListener, org.springframework.boot.test.autoconfigure.web.servlet.WebDriverTestExecutionListener, org.springframework.boot.test.autoconfigure.webservices.client.MockWebServiceServerTestExecutionListener, org.springframework.test.context.web.ServletTestExecutionListener, org.springframework.test.context.support.DirtiesContextBeforeModesTestExecutionListener, org.springframework.test.context.event.ApplicationEventsTestExecutionListener, org.springframework.test.context.support.DependencyInjectionTestExecutionListener, org.springframework.test.context.support.DirtiesContextTestExecutionListener, org.springframework.test.context.transaction.TransactionalTestExecutionListener, org.springframework.test.context.jdbc.SqlScriptsTestExecutionListener, org.springframework.test.context.event.EventPublishingTestExecutionListener]
12:20:56.719 [main] INFO org.springframework.test.context.support.DefaultTestContextBootstrapper - Using TestExecutionListeners: [org.springframework.test.context.web.ServletTestExecutionListener@3b021664, org.springframework.test.context.support.DirtiesContextBeforeModesTestExecutionListener@f59da34, org.springframework.test.context.event.ApplicationEventsTestExecutionListener@752973de, org.springframework.boot.test.mock.mockito.MockitoTestExecutionListener@52a67293, org.springframework.test.context.support.DependencyInjectionTestExecutionListener@793cef95, org.springframework.test.context.support.DirtiesContextTestExecutionListener@38f502fc, org.springframework.test.context.transaction.TransactionalTestExecutionListener@67c21bf, org.springframework.test.context.jdbc.SqlScriptsTestExecutionListener@67afe909, org.springframework.test.context.event.EventPublishingTestExecutionListener@79f1e22e, org.springframework.boot.test.mock.mockito.ResetMocksTestExecutionListener@6903ed0e, org.springframework.boot.test.autoconfigure.restdocs.RestDocsTestExecutionListener@e154848, org.springframework.boot.test.autoconfigure.web.client.MockRestServiceServerResetTestExecutionListener@16ea0f22, org.springframework.boot.test.autoconfigure.web.servlet.MockMvcPrintOnlyOnFailureTestExecutionListener@60fc7f43, org.springframework.boot.test.autoconfigure.web.servlet.WebDriverTestExecutionListener@16e195cf, org.springframework.boot.test.autoconfigure.webservices.client.MockWebServiceServerTestExecutionListener@3212d853]
12:20:56.719 [main] DEBUG org.springframework.test.context.support.AbstractDirtiesContextTestExecutionListener - Before test class: context [DefaultTestContext@74c7522c testClass = TestJPA2, testInstance = [null], testMethod = [null], testException = [null], mergedContextConfiguration = [MergedContextConfiguration@77c23d90 testClass = TestJPA2, locations = '{}', classes = '{class SpringConfig}', contextInitializerClasses = '[]', activeProfiles = '{}', propertySourceLocations = '{}', propertySourceProperties = '{}', contextCustomizers = set[org.springframework.boot.test.context.filter.ExcludeFilterContextCustomizer@7f485fda, org.springframework.boot.test.json.DuplicateJsonObjectContextCustomizerFactory$DuplicateJsonObjectContextCustomizer@8519cb4, org.springframework.boot.test.mock.mockito.MockitoContextCustomizer@0, org.springframework.boot.test.autoconfigure.actuate.metrics.MetricsExportContextCustomizerFactory$DisableMetricExportContextCustomizer@7ce69770, org.springframework.boot.test.autoconfigure.properties.PropertyMappingContextCustomizer@0, org.springframework.boot.test.autoconfigure.web.servlet.WebDriverContextCustomizerFactory$Customizer@23e84203], contextLoader = 'org.springframework.test.context.support.DelegatingSmartContextLoader', parent = [null]], attributes = map[[empty]]], class annotated with @DirtiesContext [false] with mode [null].
12:20:56.720 [main] DEBUG org.springframework.test.context.cache.DefaultCacheAwareContextLoaderDelegate - Retrieved ApplicationContext [1371376476] from cache with key [[MergedContextConfiguration@77c23d90 testClass = TestJPA2, locations = '{}', classes = '{class SpringConfig}', contextInitializerClasses = '[]', activeProfiles = '{}', propertySourceLocations = '{}', propertySourceProperties = '{}', contextCustomizers = set[org.springframework.boot.test.context.filter.ExcludeFilterContextCustomizer@7f485fda, org.springframework.boot.test.json.DuplicateJsonObjectContextCustomizerFactory$DuplicateJsonObjectContextCustomizer@8519cb4, org.springframework.boot.test.mock.mockito.MockitoContextCustomizer@0, org.springframework.boot.test.autoconfigure.actuate.metrics.MetricsExportContextCustomizerFactory$DisableMetricExportContextCustomizer@7ce69770, org.springframework.boot.test.autoconfigure.properties.PropertyMappingContextCustomizer@0, org.springframework.boot.test.autoconfigure.web.servlet.WebDriverContextCustomizerFactory$Customizer@23e84203], contextLoader = 'org.springframework.test.context.support.DelegatingSmartContextLoader', parent = [null]]]
12:20:56.720 [main] DEBUG org.springframework.test.context.cache - Spring test ApplicationContext cache statistics: [DefaultContextCache@374ccb9 size = 1, maxSize = 32, parentContextCount = 0, hitCount = 13, missCount = 1]
12:20:56.722 [main] DEBUG org.springframework.test.context.support.DependencyInjectionTestExecutionListener - Performing dependency injection for test context [[DefaultTestContext@74c7522c testClass = TestJPA2, testInstance = TestJPA2@6d17914a, testMethod = [null], testException = [null], mergedContextConfiguration = [MergedContextConfiguration@77c23d90 testClass = TestJPA2, locations = '{}', classes = '{class SpringConfig}', contextInitializerClasses = '[]', activeProfiles = '{}', propertySourceLocations = '{}', propertySourceProperties = '{}', contextCustomizers = set[org.springframework.boot.test.context.filter.ExcludeFilterContextCustomizer@7f485fda, org.springframework.boot.test.json.DuplicateJsonObjectContextCustomizerFactory$DuplicateJsonObjectContextCustomizer@8519cb4, org.springframework.boot.test.mock.mockito.MockitoContextCustomizer@0, org.springframework.boot.test.autoconfigure.actuate.metrics.MetricsExportContextCustomizerFactory$DisableMetricExportContextCustomizer@7ce69770, org.springframework.boot.test.autoconfigure.properties.PropertyMappingContextCustomizer@0, org.springframework.boot.test.autoconfigure.web.servlet.WebDriverContextCustomizerFactory$Customizer@23e84203], contextLoader = 'org.springframework.test.context.support.DelegatingSmartContextLoader', parent = [null]], attributes = map['org.springframework.test.context.event.ApplicationEventsTestExecutionListener.recordApplicationEvents' -> false]]].
12:20:56.722 [main] DEBUG org.springframework.test.context.cache.DefaultCacheAwareContextLoaderDelegate - Retrieved ApplicationContext [1371376476] from cache with key [[MergedContextConfiguration@77c23d90 testClass = TestJPA2, locations = '{}', classes = '{class SpringConfig}', contextInitializerClasses = '[]', activeProfiles = '{}', propertySourceLocations = '{}', propertySourceProperties = '{}', contextCustomizers = set[org.springframework.boot.test.context.filter.ExcludeFilterContextCustomizer@7f485fda, org.springframework.boot.test.json.DuplicateJsonObjectContextCustomizerFactory$DuplicateJsonObjectContextCustomizer@8519cb4, org.springframework.boot.test.mock.mockito.MockitoContextCustomizer@0, org.springframework.boot.test.autoconfigure.actuate.metrics.MetricsExportContextCustomizerFactory$DisableMetricExportContextCustomizer@7ce69770, org.springframework.boot.test.autoconfigure.properties.PropertyMappingContextCustomizer@0, org.springframework.boot.test.autoconfigure.web.servlet.WebDriverContextCustomizerFactory$Customizer@23e84203], contextLoader = 'org.springframework.test.context.support.DelegatingSmartContextLoader', parent = [null]]]
12:20:56.723 [main] DEBUG org.springframework.test.context.cache - Spring test ApplicationContext cache statistics: [DefaultContextCache@374ccb9 size = 1, maxSize = 32, parentContextCount = 0, hitCount = 14, missCount = 1]
12:20:56.730 [main] DEBUG org.springframework.test.context.cache.DefaultCacheAwareContextLoaderDelegate - Retrieved ApplicationContext [1371376476] from cache with key [[MergedContextConfiguration@77c23d90 testClass = TestJPA2, locations = '{}', classes = '{class SpringConfig}', contextInitializerClasses = '[]', activeProfiles = '{}', propertySourceLocations = '{}', propertySourceProperties = '{}', contextCustomizers = set[org.springframework.boot.test.context.filter.ExcludeFilterContextCustomizer@7f485fda, org.springframework.boot.test.json.DuplicateJsonObjectContextCustomizerFactory$DuplicateJsonObjectContextCustomizer@8519cb4, org.springframework.boot.test.mock.mockito.MockitoContextCustomizer@0, org.springframework.boot.test.autoconfigure.actuate.metrics.MetricsExportContextCustomizerFactory$DisableMetricExportContextCustomizer@7ce69770, org.springframework.boot.test.autoconfigure.properties.PropertyMappingContextCustomizer@0, org.springframework.boot.test.autoconfigure.web.servlet.WebDriverContextCustomizerFactory$Customizer@23e84203], contextLoader = 'org.springframework.test.context.support.DelegatingSmartContextLoader', parent = [null]]]
12:20:56.730 [main] DEBUG org.springframework.test.context.cache - Spring test ApplicationContext cache statistics: [DefaultContextCache@374ccb9 size = 1, maxSize = 32, parentContextCount = 0, hitCount = 15, missCount = 1]
12:20:56.737 [main] DEBUG org.springframework.test.context.support.AbstractDirtiesContextTestExecutionListener - Before test method: context [DefaultTestContext@74c7522c testClass = TestJPA2, testInstance = TestJPA2@6d17914a, testMethod = testFetchData@TestJPA2, testException = [null], mergedContextConfiguration = [MergedContextConfiguration@77c23d90 testClass = TestJPA2, locations = '{}', classes = '{class SpringConfig}', contextInitializerClasses = '[]', activeProfiles = '{}', propertySourceLocations = '{}', propertySourceProperties = '{}', contextCustomizers = set[org.springframework.boot.test.context.filter.ExcludeFilterContextCustomizer@7f485fda, org.springframework.boot.test.json.DuplicateJsonObjectContextCustomizerFactory$DuplicateJsonObjectContextCustomizer@8519cb4, org.springframework.boot.test.mock.mockito.MockitoContextCustomizer@0, org.springframework.boot.test.autoconfigure.actuate.metrics.MetricsExportContextCustomizerFactory$DisableMetricExportContextCustomizer@7ce69770, org.springframework.boot.test.autoconfigure.properties.PropertyMappingContextCustomizer@0, org.springframework.boot.test.autoconfigure.web.servlet.WebDriverContextCustomizerFactory$Customizer@23e84203], contextLoader = 'org.springframework.test.context.support.DelegatingSmartContextLoader', parent = [null]], attributes = map['org.springframework.test.context.event.ApplicationEventsTestExecutionListener.recordApplicationEvents' -> false]], class annotated with @DirtiesContext [false] with mode [null], method annotated with @DirtiesContext [false] with mode [null].
12:20:56.738 [main] DEBUG org.springframework.test.context.cache.DefaultCacheAwareContextLoaderDelegate - Retrieved ApplicationContext [1371376476] from cache with key [[MergedContextConfiguration@77c23d90 testClass = TestJPA2, locations = '{}', classes = '{class SpringConfig}', contextInitializerClasses = '[]', activeProfiles = '{}', propertySourceLocations = '{}', propertySourceProperties = '{}', contextCustomizers = set[org.springframework.boot.test.context.filter.ExcludeFilterContextCustomizer@7f485fda, org.springframework.boot.test.json.DuplicateJsonObjectContextCustomizerFactory$DuplicateJsonObjectContextCustomizer@8519cb4, org.springframework.boot.test.mock.mockito.MockitoContextCustomizer@0, org.springframework.boot.test.autoconfigure.actuate.metrics.MetricsExportContextCustomizerFactory$DisableMetricExportContextCustomizer@7ce69770, org.springframework.boot.test.autoconfigure.properties.PropertyMappingContextCustomizer@0, org.springframework.boot.test.autoconfigure.web.servlet.WebDriverContextCustomizerFactory$Customizer@23e84203], contextLoader = 'org.springframework.test.context.support.DelegatingSmartContextLoader', parent = [null]]]
12:20:56.738 [main] DEBUG org.springframework.test.context.cache - Spring test ApplicationContext cache statistics: [DefaultContextCache@374ccb9 size = 1, maxSize = 32, parentContextCount = 0, hitCount = 16, missCount = 1]
12:20:56.738 [main] DEBUG org.springframework.test.context.cache.DefaultCacheAwareContextLoaderDelegate - Retrieved ApplicationContext [1371376476] from cache with key [[MergedContextConfiguration@77c23d90 testClass = TestJPA2, locations = '{}', classes = '{class SpringConfig}', contextInitializerClasses = '[]', activeProfiles = '{}', propertySourceLocations = '{}', propertySourceProperties = '{}', contextCustomizers = set[org.springframework.boot.test.context.filter.ExcludeFilterContextCustomizer@7f485fda, org.springframework.boot.test.json.DuplicateJsonObjectContextCustomizerFactory$DuplicateJsonObjectContextCustomizer@8519cb4, org.springframework.boot.test.mock.mockito.MockitoContextCustomizer@0, org.springframework.boot.test.autoconfigure.actuate.metrics.MetricsExportContextCustomizerFactory$DisableMetricExportContextCustomizer@7ce69770, org.springframework.boot.test.autoconfigure.properties.PropertyMappingContextCustomizer@0, org.springframework.boot.test.autoconfigure.web.servlet.WebDriverContextCustomizerFactory$Customizer@23e84203], contextLoader = 'org.springframework.test.context.support.DelegatingSmartContextLoader', parent = [null]]]
12:20:56.739 [main] DEBUG org.springframework.test.context.cache - Spring test ApplicationContext cache statistics: [DefaultContextCache@374ccb9 size = 1, maxSize = 32, parentContextCount = 0, hitCount = 17, missCount = 1]
12:20:56.740 [main] DEBUG org.springframework.test.context.cache.DefaultCacheAwareContextLoaderDelegate - Retrieved ApplicationContext [1371376476] from cache with key [[MergedContextConfiguration@77c23d90 testClass = TestJPA2, locations = '{}', classes = '{class SpringConfig}', contextInitializerClasses = '[]', activeProfiles = '{}', propertySourceLocations = '{}', propertySourceProperties = '{}', contextCustomizers = set[org.springframework.boot.test.context.filter.ExcludeFilterContextCustomizer@7f485fda, org.springframework.boot.test.json.DuplicateJsonObjectContextCustomizerFactory$DuplicateJsonObjectContextCustomizer@8519cb4, org.springframework.boot.test.mock.mockito.MockitoContextCustomizer@0, org.springframework.boot.test.autoconfigure.actuate.metrics.MetricsExportContextCustomizerFactory$DisableMetricExportContextCustomizer@7ce69770, org.springframework.boot.test.autoconfigure.properties.PropertyMappingContextCustomizer@0, org.springframework.boot.test.autoconfigure.web.servlet.WebDriverContextCustomizerFactory$Customizer@23e84203], contextLoader = 'org.springframework.test.context.support.DelegatingSmartContextLoader', parent = [null]]]
12:20:56.741 [main] DEBUG org.springframework.test.context.cache - Spring test ApplicationContext cache statistics: [DefaultContextCache@374ccb9 size = 1, maxSize = 32, parentContextCount = 0, hitCount = 18, missCount = 1]
12:20:56.751 [main] DEBUG org.springframework.orm.jpa.SharedEntityManagerCreator$SharedEntityManagerInvocationHandler - Creating new EntityManager for shared EntityManager invocation
12:20:56.805 [main] DEBUG org.hibernate.hql.internal.QueryTranslatorFactoryInitiator - QueryTranslatorFactory: org.hibernate.hql.internal.ast.ASTQueryTranslatorFactory@5df92089
12:20:56.858 [main] DEBUG org.hibernate.hql.internal.ast.QueryTranslatorImpl - parse() - HQL: FROM fr.epita.advjava.datamodel.Member
12:20:56.865 [main] DEBUG org.hibernate.hql.internal.ast.ErrorTracker - Keyword  'Member' is being interpreted as an identifier due to: expecting IDENT, found 'Member'
12:20:56.865 [main] DEBUG org.hibernate.hql.internal.ast.ErrorTracker - throwQueryException() : no errors
12:20:56.880 [main] DEBUG org.hibernate.hql.internal.ast.QueryTranslatorImpl - --- HQL AST ---
 \-[QUERY] Node: 'query'
    \-[SELECT_FROM] Node: 'SELECT_FROM'
       \-[FROM] Node: 'FROM'
          \-[RANGE] Node: 'RANGE'
             \-[DOT] Node: '.'
                +-[DOT] Node: '.'
                |  +-[DOT] Node: '.'
                |  |  +-[DOT] Node: '.'
                |  |  |  +-[IDENT] Node: 'fr'
                |  |  |  \-[IDENT] Node: 'epita'
                |  |  \-[IDENT] Node: 'advjava'
                |  \-[IDENT] Node: 'datamodel'
                \-[WEIRD_IDENT] Node: 'Member'

12:20:56.917 [main] DEBUG org.hibernate.hql.internal.antlr.HqlSqlBaseWalker - select << begin [level=1, statement=select]
12:20:56.947 [main] DEBUG org.hibernate.hql.internal.ast.tree.FromElement - FromClause{level=1} : fr.epita.advjava.datamodel.Member (<no alias>) -> member0_
12:20:56.947 [main] DEBUG org.hibernate.hql.internal.antlr.HqlSqlBaseWalker - select : finishing up [level=1, statement=select]
12:20:56.947 [main] DEBUG org.hibernate.hql.internal.ast.HqlSqlWalker - processQuery() :  ( SELECT ( FromClause{level=1} MEMBERS member0_ ) )
12:20:56.959 [main] DEBUG org.hibernate.hql.internal.ast.HqlSqlWalker - Derived SELECT clause created.
12:20:56.966 [main] DEBUG org.hibernate.hql.internal.ast.util.JoinProcessor - Tables referenced from query nodes:
 \-QueryNode
    +-SelectClause
    | referencedTables(entity Member): [MEMBERS]
    |  +-SelectExpressionImpl
    |  | persister: SingleTableEntityPersister(fr.epita.advjava.datamodel.Member)
    |  \-SqlFragment
    \-FromClause
       \-FromElement

12:20:56.971 [main] DEBUG org.hibernate.hql.internal.ast.util.JoinProcessor - Using FROM fragment [MEMBERS member0_]
12:20:56.971 [main] DEBUG org.hibernate.hql.internal.antlr.HqlSqlBaseWalker - select >> end [level=1, statement=select]
12:20:56.972 [main] DEBUG org.hibernate.hql.internal.ast.QueryTranslatorImpl - --- SQL AST ---
 \-[SELECT] QueryNode: 'SELECT'  querySpaces (MEMBERS)
    +-[SELECT_CLAUSE] SelectClause: '{derived select clause}'
    |  +-[SELECT_EXPR] SelectExpressionImpl: 'member0_.memid as memid1_2_' {FromElement{explicit,not a collection join,not a fetch join,fetch non-lazy properties,classAlias=null,role=null,tableName=MEMBERS,tableAlias=member0_,origin=null,columns={,className=fr.epita.advjava.datamodel.Member}}}
    |  \-[SQL_TOKEN] SqlFragment: 'member0_.address as address2_2_, member0_.firstname as firstnam3_2_, member0_.joindate as joindate4_2_, member0_.recommendedby as recommen5_2_, member0_.surname as surname6_2_, member0_.telephone as telephon7_2_, member0_.zipcode as zipcode8_2_'
    \-[FROM] FromClause: 'FROM' FromClause{level=1, fromElementCounter=1, fromElements=1, fromElementByClassAlias=[], fromElementByTableAlias=[member0_], fromElementsByPath=[], collectionJoinFromElementsByPath=[], impliedElements=[]}
       \-[FROM_FRAGMENT] FromElement: 'MEMBERS member0_' FromElement{explicit,not a collection join,not a fetch join,fetch non-lazy properties,classAlias=null,role=null,tableName=MEMBERS,tableAlias=member0_,origin=null,columns={,className=fr.epita.advjava.datamodel.Member}}

12:20:56.972 [main] DEBUG org.hibernate.hql.internal.ast.ErrorTracker - throwQueryException() : no errors
12:20:56.985 [main] DEBUG org.hibernate.hql.internal.ast.QueryTranslatorImpl - HQL: FROM fr.epita.advjava.datamodel.Member
12:20:56.985 [main] DEBUG org.hibernate.hql.internal.ast.QueryTranslatorImpl - SQL: select member0_.memid as memid1_2_, member0_.address as address2_2_, member0_.firstname as firstnam3_2_, member0_.joindate as joindate4_2_, member0_.recommendedby as recommen5_2_, member0_.surname as surname6_2_, member0_.telephone as telephon7_2_, member0_.zipcode as zipcode8_2_ from MEMBERS member0_
12:20:56.985 [main] DEBUG org.hibernate.hql.internal.ast.ErrorTracker - throwQueryException() : no errors
12:20:57.092 [main] DEBUG org.hibernate.SQL - select member0_.memid as memid1_2_, member0_.address as address2_2_, member0_.firstname as firstnam3_2_, member0_.joindate as joindate4_2_, member0_.recommendedby as recommen5_2_, member0_.surname as surname6_2_, member0_.telephone as telephon7_2_, member0_.zipcode as zipcode8_2_ from MEMBERS member0_
Hibernate: select member0_.memid as memid1_2_, member0_.address as address2_2_, member0_.firstname as firstnam3_2_, member0_.joindate as joindate4_2_, member0_.recommendedby as recommen5_2_, member0_.surname as surname6_2_, member0_.telephone as telephon7_2_, member0_.zipcode as zipcode8_2_ from MEMBERS member0_
12:20:57.093 [main] DEBUG org.springframework.jdbc.datasource.DriverManagerDataSource - Creating new JDBC DriverManager Connection to [jdbc:h2:mem:testdb;DB_CLOSE_DELAY=-1]
12:20:57.125 [main] DEBUG org.hibernate.loader.Loader - Result set row: 0
12:20:57.136 [main] DEBUG org.hibernate.loader.Loader - Result row: EntityKey[fr.epita.advjava.datamodel.Member#0]
12:20:57.151 [main] DEBUG org.hibernate.loader.Loader - Result set row: 1
12:20:57.151 [main] DEBUG org.hibernate.loader.Loader - Result row: EntityKey[fr.epita.advjava.datamodel.Member#1]
12:20:57.153 [main] DEBUG org.hibernate.loader.Loader - Result set row: 2
12:20:57.153 [main] DEBUG org.hibernate.loader.Loader - Result row: EntityKey[fr.epita.advjava.datamodel.Member#2]
12:20:57.154 [main] DEBUG org.hibernate.loader.Loader - Result set row: 3
12:20:57.154 [main] DEBUG org.hibernate.loader.Loader - Result row: EntityKey[fr.epita.advjava.datamodel.Member#3]
12:20:57.155 [main] DEBUG org.hibernate.loader.Loader - Result set row: 4
12:20:57.156 [main] DEBUG org.hibernate.loader.Loader - Result row: EntityKey[fr.epita.advjava.datamodel.Member#4]
12:20:57.157 [main] DEBUG org.hibernate.loader.Loader - Result set row: 5
12:20:57.157 [main] DEBUG org.hibernate.loader.Loader - Result row: EntityKey[fr.epita.advjava.datamodel.Member#5]
12:20:57.158 [main] DEBUG org.hibernate.loader.Loader - Result set row: 6
12:20:57.158 [main] DEBUG org.hibernate.loader.Loader - Result row: EntityKey[fr.epita.advjava.datamodel.Member#6]
12:20:57.159 [main] DEBUG org.hibernate.loader.Loader - Result set row: 7
12:20:57.159 [main] DEBUG org.hibernate.loader.Loader - Result row: EntityKey[fr.epita.advjava.datamodel.Member#7]
12:20:57.160 [main] DEBUG org.hibernate.loader.Loader - Result set row: 8
12:20:57.160 [main] DEBUG org.hibernate.loader.Loader - Result row: EntityKey[fr.epita.advjava.datamodel.Member#8]
12:20:57.161 [main] DEBUG org.hibernate.loader.Loader - Result set row: 9
12:20:57.161 [main] DEBUG org.hibernate.loader.Loader - Result row: EntityKey[fr.epita.advjava.datamodel.Member#9]
12:20:57.162 [main] DEBUG org.hibernate.loader.Loader - Result set row: 10
12:20:57.162 [main] DEBUG org.hibernate.loader.Loader - Result row: EntityKey[fr.epita.advjava.datamodel.Member#10]
12:20:57.163 [main] DEBUG org.hibernate.loader.Loader - Result set row: 11
12:20:57.165 [main] DEBUG org.hibernate.loader.Loader - Result row: EntityKey[fr.epita.advjava.datamodel.Member#11]
12:20:57.166 [main] DEBUG org.hibernate.loader.Loader - Result set row: 12
12:20:57.167 [main] DEBUG org.hibernate.loader.Loader - Result row: EntityKey[fr.epita.advjava.datamodel.Member#12]
12:20:57.167 [main] DEBUG org.hibernate.loader.Loader - Result set row: 13
12:20:57.168 [main] DEBUG org.hibernate.loader.Loader - Result row: EntityKey[fr.epita.advjava.datamodel.Member#13]
12:20:57.168 [main] DEBUG org.hibernate.loader.Loader - Result set row: 14
12:20:57.169 [main] DEBUG org.hibernate.loader.Loader - Result row: EntityKey[fr.epita.advjava.datamodel.Member#14]
12:20:57.169 [main] DEBUG org.hibernate.loader.Loader - Result set row: 15
12:20:57.170 [main] DEBUG org.hibernate.loader.Loader - Result row: EntityKey[fr.epita.advjava.datamodel.Member#15]
12:20:57.171 [main] DEBUG org.hibernate.loader.Loader - Result set row: 16
12:20:57.172 [main] DEBUG org.hibernate.loader.Loader - Result row: EntityKey[fr.epita.advjava.datamodel.Member#16]
12:20:57.172 [main] DEBUG org.hibernate.loader.Loader - Result set row: 17
12:20:57.172 [main] DEBUG org.hibernate.loader.Loader - Result row: EntityKey[fr.epita.advjava.datamodel.Member#17]
12:20:57.173 [main] DEBUG org.hibernate.loader.Loader - Result set row: 18
12:20:57.173 [main] DEBUG org.hibernate.loader.Loader - Result row: EntityKey[fr.epita.advjava.datamodel.Member#20]
12:20:57.173 [main] DEBUG org.hibernate.loader.Loader - Result set row: 19
12:20:57.173 [main] DEBUG org.hibernate.loader.Loader - Result row: EntityKey[fr.epita.advjava.datamodel.Member#21]
12:20:57.173 [main] DEBUG org.hibernate.loader.Loader - Result set row: 20
12:20:57.174 [main] DEBUG org.hibernate.loader.Loader - Result row: EntityKey[fr.epita.advjava.datamodel.Member#22]
12:20:57.174 [main] DEBUG org.hibernate.loader.Loader - Result set row: 21
12:20:57.174 [main] DEBUG org.hibernate.loader.Loader - Result row: EntityKey[fr.epita.advjava.datamodel.Member#24]
12:20:57.174 [main] DEBUG org.hibernate.loader.Loader - Result set row: 22
12:20:57.174 [main] DEBUG org.hibernate.loader.Loader - Result row: EntityKey[fr.epita.advjava.datamodel.Member#26]
12:20:57.175 [main] DEBUG org.hibernate.loader.Loader - Result set row: 23
12:20:57.175 [main] DEBUG org.hibernate.loader.Loader - Result row: EntityKey[fr.epita.advjava.datamodel.Member#27]
12:20:57.175 [main] DEBUG org.hibernate.loader.Loader - Result set row: 24
12:20:57.175 [main] DEBUG org.hibernate.loader.Loader - Result row: EntityKey[fr.epita.advjava.datamodel.Member#28]
12:20:57.176 [main] DEBUG org.hibernate.loader.Loader - Result set row: 25
12:20:57.176 [main] DEBUG org.hibernate.loader.Loader - Result row: EntityKey[fr.epita.advjava.datamodel.Member#29]
12:20:57.176 [main] DEBUG org.hibernate.loader.Loader - Result set row: 26
12:20:57.176 [main] DEBUG org.hibernate.loader.Loader - Result row: EntityKey[fr.epita.advjava.datamodel.Member#30]
12:20:57.176 [main] DEBUG org.hibernate.loader.Loader - Result set row: 27
12:20:57.177 [main] DEBUG org.hibernate.loader.Loader - Result row: EntityKey[fr.epita.advjava.datamodel.Member#33]
12:20:57.177 [main] DEBUG org.hibernate.loader.Loader - Result set row: 28
12:20:57.177 [main] DEBUG org.hibernate.loader.Loader - Result row: EntityKey[fr.epita.advjava.datamodel.Member#35]
12:20:57.177 [main] DEBUG org.hibernate.loader.Loader - Result set row: 29
12:20:57.177 [main] DEBUG org.hibernate.loader.Loader - Result row: EntityKey[fr.epita.advjava.datamodel.Member#36]
12:20:57.182 [main] DEBUG org.hibernate.engine.internal.TwoPhaseLoad - Resolving attributes for [fr.epita.advjava.datamodel.Member#0]
12:20:57.182 [main] DEBUG org.hibernate.engine.internal.TwoPhaseLoad - Processing attribute `address` : value = GUEST
12:20:57.182 [main] DEBUG org.hibernate.engine.internal.TwoPhaseLoad - Attribute (`address`)  - enhanced for lazy-loading? - false
12:20:57.183 [main] DEBUG org.hibernate.engine.internal.TwoPhaseLoad - Processing attribute `firstName` : value = GUEST
12:20:57.183 [main] DEBUG org.hibernate.engine.internal.TwoPhaseLoad - Attribute (`firstName`)  - enhanced for lazy-loading? - false
12:20:57.183 [main] DEBUG org.hibernate.engine.internal.TwoPhaseLoad - Processing attribute `joinDate` : value = 2012-07-01 00:00:00.0
12:20:57.183 [main] DEBUG org.hibernate.engine.internal.TwoPhaseLoad - Attribute (`joinDate`)  - enhanced for lazy-loading? - false
12:20:57.183 [main] DEBUG org.hibernate.engine.internal.TwoPhaseLoad - Processing attribute `recommendedBy` : value = null
12:20:57.183 [main] DEBUG org.hibernate.engine.internal.TwoPhaseLoad - Attribute (`recommendedBy`)  - enhanced for lazy-loading? - false
12:20:57.183 [main] DEBUG org.hibernate.engine.internal.TwoPhaseLoad - Processing attribute `surname` : value = GUEST
12:20:57.183 [main] DEBUG org.hibernate.engine.internal.TwoPhaseLoad - Attribute (`surname`)  - enhanced for lazy-loading? - false
12:20:57.183 [main] DEBUG org.hibernate.engine.internal.TwoPhaseLoad - Processing attribute `telephone` : value = (000) 000-0000
12:20:57.183 [main] DEBUG org.hibernate.engine.internal.TwoPhaseLoad - Attribute (`telephone`)  - enhanced for lazy-loading? - false
12:20:57.184 [main] DEBUG org.hibernate.engine.internal.TwoPhaseLoad - Processing attribute `zipcode` : value = 0
12:20:57.184 [main] DEBUG org.hibernate.engine.internal.TwoPhaseLoad - Attribute (`zipcode`)  - enhanced for lazy-loading? - false
12:20:57.185 [main] DEBUG org.hibernate.engine.internal.TwoPhaseLoad - Done materializing entity [fr.epita.advjava.datamodel.Member#0]
12:20:57.185 [main] DEBUG org.hibernate.engine.internal.TwoPhaseLoad - Resolving attributes for [fr.epita.advjava.datamodel.Member#1]
12:20:57.186 [main] DEBUG org.hibernate.engine.internal.TwoPhaseLoad - Processing attribute `address` : value = 8 Bloomsbury Close, Boston
12:20:57.186 [main] DEBUG org.hibernate.engine.internal.TwoPhaseLoad - Attribute (`address`)  - enhanced for lazy-loading? - false
12:20:57.186 [main] DEBUG org.hibernate.engine.internal.TwoPhaseLoad - Processing attribute `firstName` : value = Darren
12:20:57.186 [main] DEBUG org.hibernate.engine.internal.TwoPhaseLoad - Attribute (`firstName`)  - enhanced for lazy-loading? - false
12:20:57.186 [main] DEBUG org.hibernate.engine.internal.TwoPhaseLoad - Processing attribute `joinDate` : value = 2012-07-02 12:02:05.0
12:20:57.186 [main] DEBUG org.hibernate.engine.internal.TwoPhaseLoad - Attribute (`joinDate`)  - enhanced for lazy-loading? - false
12:20:57.186 [main] DEBUG org.hibernate.engine.internal.TwoPhaseLoad - Processing attribute `recommendedBy` : value = null
12:20:57.186 [main] DEBUG org.hibernate.engine.internal.TwoPhaseLoad - Attribute (`recommendedBy`)  - enhanced for lazy-loading? - false
12:20:57.186 [main] DEBUG org.hibernate.engine.internal.TwoPhaseLoad - Processing attribute `surname` : value = Smith
12:20:57.186 [main] DEBUG org.hibernate.engine.internal.TwoPhaseLoad - Attribute (`surname`)  - enhanced for lazy-loading? - false
12:20:57.186 [main] DEBUG org.hibernate.engine.internal.TwoPhaseLoad - Processing attribute `telephone` : value = 555-555-5555
12:20:57.186 [main] DEBUG org.hibernate.engine.internal.TwoPhaseLoad - Attribute (`telephone`)  - enhanced for lazy-loading? - false
12:20:57.186 [main] DEBUG org.hibernate.engine.internal.TwoPhaseLoad - Processing attribute `zipcode` : value = 4321
12:20:57.186 [main] DEBUG org.hibernate.engine.internal.TwoPhaseLoad - Attribute (`zipcode`)  - enhanced for lazy-loading? - false
12:20:57.187 [main] DEBUG org.hibernate.engine.internal.TwoPhaseLoad - Done materializing entity [fr.epita.advjava.datamodel.Member#1]
12:20:57.187 [main] DEBUG org.hibernate.engine.internal.TwoPhaseLoad - Resolving attributes for [fr.epita.advjava.datamodel.Member#2]
12:20:57.187 [main] DEBUG org.hibernate.engine.internal.TwoPhaseLoad - Processing attribute `address` : value = 8 Bloomsbury Close, New York
12:20:57.187 [main] DEBUG org.hibernate.engine.internal.TwoPhaseLoad - Attribute (`address`)  - enhanced for lazy-loading? - false
12:20:57.187 [main] DEBUG org.hibernate.engine.internal.TwoPhaseLoad - Processing attribute `firstName` : value = Tracy
12:20:57.187 [main] DEBUG org.hibernate.engine.internal.TwoPhaseLoad - Attribute (`firstName`)  - enhanced for lazy-loading? - false
12:20:57.187 [main] DEBUG org.hibernate.engine.internal.TwoPhaseLoad - Processing attribute `joinDate` : value = 2012-07-02 12:08:23.0
12:20:57.187 [main] DEBUG org.hibernate.engine.internal.TwoPhaseLoad - Attribute (`joinDate`)  - enhanced for lazy-loading? - false
12:20:57.187 [main] DEBUG org.hibernate.engine.internal.TwoPhaseLoad - Processing attribute `recommendedBy` : value = null
12:20:57.187 [main] DEBUG org.hibernate.engine.internal.TwoPhaseLoad - Attribute (`recommendedBy`)  - enhanced for lazy-loading? - false
12:20:57.187 [main] DEBUG org.hibernate.engine.internal.TwoPhaseLoad - Processing attribute `surname` : value = Smith
12:20:57.187 [main] DEBUG org.hibernate.engine.internal.TwoPhaseLoad - Attribute (`surname`)  - enhanced for lazy-loading? - false
12:20:57.188 [main] DEBUG org.hibernate.engine.internal.TwoPhaseLoad - Processing attribute `telephone` : value = 555-555-5555
12:20:57.188 [main] DEBUG org.hibernate.engine.internal.TwoPhaseLoad - Attribute (`telephone`)  - enhanced for lazy-loading? - false
12:20:57.188 [main] DEBUG org.hibernate.engine.internal.TwoPhaseLoad - Processing attribute `zipcode` : value = 4321
12:20:57.188 [main] DEBUG org.hibernate.engine.internal.TwoPhaseLoad - Attribute (`zipcode`)  - enhanced for lazy-loading? - false
12:20:57.188 [main] DEBUG org.hibernate.engine.internal.TwoPhaseLoad - Done materializing entity [fr.epita.advjava.datamodel.Member#2]
12:20:57.188 [main] DEBUG org.hibernate.engine.internal.TwoPhaseLoad - Resolving attributes for [fr.epita.advjava.datamodel.Member#3]
12:20:57.188 [main] DEBUG org.hibernate.engine.internal.TwoPhaseLoad - Processing attribute `address` : value = 23 Highway Way, Boston
12:20:57.188 [main] DEBUG org.hibernate.engine.internal.TwoPhaseLoad - Attribute (`address`)  - enhanced for lazy-loading? - false
12:20:57.188 [main] DEBUG org.hibernate.engine.internal.TwoPhaseLoad - Processing attribute `firstName` : value = Tim
12:20:57.188 [main] DEBUG org.hibernate.engine.internal.TwoPhaseLoad - Attribute (`firstName`)  - enhanced for lazy-loading? - false
12:20:57.188 [main] DEBUG org.hibernate.engine.internal.TwoPhaseLoad - Processing attribute `joinDate` : value = 2012-07-03 09:32:15.0
12:20:57.188 [main] DEBUG org.hibernate.engine.internal.TwoPhaseLoad - Attribute (`joinDate`)  - enhanced for lazy-loading? - false
12:20:57.189 [main] DEBUG org.hibernate.engine.internal.TwoPhaseLoad - Processing attribute `recommendedBy` : value = null
12:20:57.189 [main] DEBUG org.hibernate.engine.internal.TwoPhaseLoad - Attribute (`recommendedBy`)  - enhanced for lazy-loading? - false
12:20:57.189 [main] DEBUG org.hibernate.engine.internal.TwoPhaseLoad - Processing attribute `surname` : value = Rownam
12:20:57.189 [main] DEBUG org.hibernate.engine.internal.TwoPhaseLoad - Attribute (`surname`)  - enhanced for lazy-loading? - false
12:20:57.189 [main] DEBUG org.hibernate.engine.internal.TwoPhaseLoad - Processing attribute `telephone` : value = (844) 693-0723
12:20:57.189 [main] DEBUG org.hibernate.engine.internal.TwoPhaseLoad - Attribute (`telephone`)  - enhanced for lazy-loading? - false
12:20:57.189 [main] DEBUG org.hibernate.engine.internal.TwoPhaseLoad - Processing attribute `zipcode` : value = 23423
12:20:57.189 [main] DEBUG org.hibernate.engine.internal.TwoPhaseLoad - Attribute (`zipcode`)  - enhanced for lazy-loading? - false
12:20:57.189 [main] DEBUG org.hibernate.engine.internal.TwoPhaseLoad - Done materializing entity [fr.epita.advjava.datamodel.Member#3]
12:20:57.189 [main] DEBUG org.hibernate.engine.internal.TwoPhaseLoad - Resolving attributes for [fr.epita.advjava.datamodel.Member#4]
12:20:57.189 [main] DEBUG org.hibernate.engine.internal.TwoPhaseLoad - Processing attribute `address` : value = 20 Crossing Road, New York
12:20:57.189 [main] DEBUG org.hibernate.engine.internal.TwoPhaseLoad - Attribute (`address`)  - enhanced for lazy-loading? - false
12:20:57.189 [main] DEBUG org.hibernate.engine.internal.TwoPhaseLoad - Processing attribute `firstName` : value = Janice
12:20:57.190 [main] DEBUG org.hibernate.engine.internal.TwoPhaseLoad - Attribute (`firstName`)  - enhanced for lazy-loading? - false
12:20:57.190 [main] DEBUG org.hibernate.engine.internal.TwoPhaseLoad - Processing attribute `joinDate` : value = 2012-07-03 10:25:05.0
12:20:57.190 [main] DEBUG org.hibernate.engine.internal.TwoPhaseLoad - Attribute (`joinDate`)  - enhanced for lazy-loading? - false
12:20:57.190 [main] DEBUG org.hibernate.engine.internal.TwoPhaseLoad - Processing attribute `recommendedBy` : value = 1
12:20:57.190 [main] DEBUG org.hibernate.engine.internal.TwoPhaseLoad - Attribute (`recommendedBy`)  - enhanced for lazy-loading? - false
12:20:57.190 [main] DEBUG org.hibernate.engine.internal.TwoPhaseLoad - Processing attribute `surname` : value = Joplette
12:20:57.190 [main] DEBUG org.hibernate.engine.internal.TwoPhaseLoad - Attribute (`surname`)  - enhanced for lazy-loading? - false
12:20:57.190 [main] DEBUG org.hibernate.engine.internal.TwoPhaseLoad - Processing attribute `telephone` : value = (833) 942-4710
12:20:57.190 [main] DEBUG org.hibernate.engine.internal.TwoPhaseLoad - Attribute (`telephone`)  - enhanced for lazy-loading? - false
12:20:57.190 [main] DEBUG org.hibernate.engine.internal.TwoPhaseLoad - Processing attribute `zipcode` : value = 234
12:20:57.190 [main] DEBUG org.hibernate.engine.internal.TwoPhaseLoad - Attribute (`zipcode`)  - enhanced for lazy-loading? - false
12:20:57.190 [main] DEBUG org.hibernate.engine.internal.TwoPhaseLoad - Done materializing entity [fr.epita.advjava.datamodel.Member#4]
12:20:57.191 [main] DEBUG org.hibernate.engine.internal.TwoPhaseLoad - Resolving attributes for [fr.epita.advjava.datamodel.Member#5]
12:20:57.191 [main] DEBUG org.hibernate.engine.internal.TwoPhaseLoad - Processing attribute `address` : value = 1065 Huntingdon Avenue, Boston
12:20:57.191 [main] DEBUG org.hibernate.engine.internal.TwoPhaseLoad - Attribute (`address`)  - enhanced for lazy-loading? - false
12:20:57.191 [main] DEBUG org.hibernate.engine.internal.TwoPhaseLoad - Processing attribute `firstName` : value = Gerald
12:20:57.191 [main] DEBUG org.hibernate.engine.internal.TwoPhaseLoad - Attribute (`firstName`)  - enhanced for lazy-loading? - false
12:20:57.191 [main] DEBUG org.hibernate.engine.internal.TwoPhaseLoad - Processing attribute `joinDate` : value = 2012-07-09 10:44:09.0
12:20:57.191 [main] DEBUG org.hibernate.engine.internal.TwoPhaseLoad - Attribute (`joinDate`)  - enhanced for lazy-loading? - false
12:20:57.191 [main] DEBUG org.hibernate.engine.internal.TwoPhaseLoad - Processing attribute `recommendedBy` : value = 1
12:20:57.191 [main] DEBUG org.hibernate.engine.internal.TwoPhaseLoad - Attribute (`recommendedBy`)  - enhanced for lazy-loading? - false
12:20:57.191 [main] DEBUG org.hibernate.engine.internal.TwoPhaseLoad - Processing attribute `surname` : value = Butters
12:20:57.191 [main] DEBUG org.hibernate.engine.internal.TwoPhaseLoad - Attribute (`surname`)  - enhanced for lazy-loading? - false
12:20:57.191 [main] DEBUG org.hibernate.engine.internal.TwoPhaseLoad - Processing attribute `telephone` : value = (844) 078-4130
12:20:57.191 [main] DEBUG org.hibernate.engine.internal.TwoPhaseLoad - Attribute (`telephone`)  - enhanced for lazy-loading? - false
12:20:57.191 [main] DEBUG org.hibernate.engine.internal.TwoPhaseLoad - Processing attribute `zipcode` : value = 56754
12:20:57.191 [main] DEBUG org.hibernate.engine.internal.TwoPhaseLoad - Attribute (`zipcode`)  - enhanced for lazy-loading? - false
12:20:57.192 [main] DEBUG org.hibernate.engine.internal.TwoPhaseLoad - Done materializing entity [fr.epita.advjava.datamodel.Member#5]
12:20:57.192 [main] DEBUG org.hibernate.engine.internal.TwoPhaseLoad - Resolving attributes for [fr.epita.advjava.datamodel.Member#6]
12:20:57.192 [main] DEBUG org.hibernate.engine.internal.TwoPhaseLoad - Processing attribute `address` : value = 3 Tunisia Drive, Boston
12:20:57.192 [main] DEBUG org.hibernate.engine.internal.TwoPhaseLoad - Attribute (`address`)  - enhanced for lazy-loading? - false
12:20:57.192 [main] DEBUG org.hibernate.engine.internal.TwoPhaseLoad - Processing attribute `firstName` : value = Burton
12:20:57.192 [main] DEBUG org.hibernate.engine.internal.TwoPhaseLoad - Attribute (`firstName`)  - enhanced for lazy-loading? - false
12:20:57.192 [main] DEBUG org.hibernate.engine.internal.TwoPhaseLoad - Processing attribute `joinDate` : value = 2012-07-15 08:52:55.0
12:20:57.192 [main] DEBUG org.hibernate.engine.internal.TwoPhaseLoad - Attribute (`joinDate`)  - enhanced for lazy-loading? - false
12:20:57.192 [main] DEBUG org.hibernate.engine.internal.TwoPhaseLoad - Processing attribute `recommendedBy` : value = null
12:20:57.192 [main] DEBUG org.hibernate.engine.internal.TwoPhaseLoad - Attribute (`recommendedBy`)  - enhanced for lazy-loading? - false
12:20:57.192 [main] DEBUG org.hibernate.engine.internal.TwoPhaseLoad - Processing attribute `surname` : value = Tracy
12:20:57.192 [main] DEBUG org.hibernate.engine.internal.TwoPhaseLoad - Attribute (`surname`)  - enhanced for lazy-loading? - false
12:20:57.193 [main] DEBUG org.hibernate.engine.internal.TwoPhaseLoad - Processing attribute `telephone` : value = (822) 354-9973
12:20:57.193 [main] DEBUG org.hibernate.engine.internal.TwoPhaseLoad - Attribute (`telephone`)  - enhanced for lazy-loading? - false
12:20:57.193 [main] DEBUG org.hibernate.engine.internal.TwoPhaseLoad - Processing attribute `zipcode` : value = 45678
12:20:57.193 [main] DEBUG org.hibernate.engine.internal.TwoPhaseLoad - Attribute (`zipcode`)  - enhanced for lazy-loading? - false
12:20:57.193 [main] DEBUG org.hibernate.engine.internal.TwoPhaseLoad - Done materializing entity [fr.epita.advjava.datamodel.Member#6]
12:20:57.193 [main] DEBUG org.hibernate.engine.internal.TwoPhaseLoad - Resolving attributes for [fr.epita.advjava.datamodel.Member#7]
12:20:57.193 [main] DEBUG org.hibernate.engine.internal.TwoPhaseLoad - Processing attribute `address` : value = 6 Hunting Lodge Way, Boston
12:20:57.193 [main] DEBUG org.hibernate.engine.internal.TwoPhaseLoad - Attribute (`address`)  - enhanced for lazy-loading? - false
12:20:57.193 [main] DEBUG org.hibernate.engine.internal.TwoPhaseLoad - Processing attribute `firstName` : value = Nancy
12:20:57.194 [main] DEBUG org.hibernate.engine.internal.TwoPhaseLoad - Attribute (`firstName`)  - enhanced for lazy-loading? - false
12:20:57.194 [main] DEBUG org.hibernate.engine.internal.TwoPhaseLoad - Processing attribute `joinDate` : value = 2012-07-25 08:59:12.0
12:20:57.194 [main] DEBUG org.hibernate.engine.internal.TwoPhaseLoad - Attribute (`joinDate`)  - enhanced for lazy-loading? - false
12:20:57.194 [main] DEBUG org.hibernate.engine.internal.TwoPhaseLoad - Processing attribute `recommendedBy` : value = 4
12:20:57.194 [main] DEBUG org.hibernate.engine.internal.TwoPhaseLoad - Attribute (`recommendedBy`)  - enhanced for lazy-loading? - false
12:20:57.194 [main] DEBUG org.hibernate.engine.internal.TwoPhaseLoad - Processing attribute `surname` : value = Dare
12:20:57.194 [main] DEBUG org.hibernate.engine.internal.TwoPhaseLoad - Attribute (`surname`)  - enhanced for lazy-loading? - false
12:20:57.194 [main] DEBUG org.hibernate.engine.internal.TwoPhaseLoad - Processing attribute `telephone` : value = (833) 776-4001
12:20:57.194 [main] DEBUG org.hibernate.engine.internal.TwoPhaseLoad - Attribute (`telephone`)  - enhanced for lazy-loading? - false
12:20:57.194 [main] DEBUG org.hibernate.engine.internal.TwoPhaseLoad - Processing attribute `zipcode` : value = 10383
12:20:57.194 [main] DEBUG org.hibernate.engine.internal.TwoPhaseLoad - Attribute (`zipcode`)  - enhanced for lazy-loading? - false
12:20:57.194 [main] DEBUG org.hibernate.engine.internal.TwoPhaseLoad - Done materializing entity [fr.epita.advjava.datamodel.Member#7]
12:20:57.195 [main] DEBUG org.hibernate.engine.internal.TwoPhaseLoad - Resolving attributes for [fr.epita.advjava.datamodel.Member#8]
12:20:57.195 [main] DEBUG org.hibernate.engine.internal.TwoPhaseLoad - Processing attribute `address` : value = 3 Bloomsbury Close, Reading, 00234
12:20:57.195 [main] DEBUG org.hibernate.engine.internal.TwoPhaseLoad - Attribute (`address`)  - enhanced for lazy-loading? - false
12:20:57.196 [main] DEBUG org.hibernate.engine.internal.TwoPhaseLoad - Processing attribute `firstName` : value = Tim
12:20:57.196 [main] DEBUG org.hibernate.engine.internal.TwoPhaseLoad - Attribute (`firstName`)  - enhanced for lazy-loading? - false
12:20:57.197 [main] DEBUG org.hibernate.engine.internal.TwoPhaseLoad - Processing attribute `joinDate` : value = 2012-07-25 16:02:35.0
12:20:57.197 [main] DEBUG org.hibernate.engine.internal.TwoPhaseLoad - Attribute (`joinDate`)  - enhanced for lazy-loading? - false
12:20:57.197 [main] DEBUG org.hibernate.engine.internal.TwoPhaseLoad - Processing attribute `recommendedBy` : value = 3
12:20:57.197 [main] DEBUG org.hibernate.engine.internal.TwoPhaseLoad - Attribute (`recommendedBy`)  - enhanced for lazy-loading? - false
12:20:57.198 [main] DEBUG org.hibernate.engine.internal.TwoPhaseLoad - Processing attribute `surname` : value = Boothe
12:20:57.198 [main] DEBUG org.hibernate.engine.internal.TwoPhaseLoad - Attribute (`surname`)  - enhanced for lazy-loading? - false
12:20:57.198 [main] DEBUG org.hibernate.engine.internal.TwoPhaseLoad - Processing attribute `telephone` : value = (811) 433-2547
12:20:57.198 [main] DEBUG org.hibernate.engine.internal.TwoPhaseLoad - Attribute (`telephone`)  - enhanced for lazy-loading? - false
12:20:57.198 [main] DEBUG org.hibernate.engine.internal.TwoPhaseLoad - Processing attribute `zipcode` : value = 234
12:20:57.198 [main] DEBUG org.hibernate.engine.internal.TwoPhaseLoad - Attribute (`zipcode`)  - enhanced for lazy-loading? - false
12:20:57.199 [main] DEBUG org.hibernate.engine.internal.TwoPhaseLoad - Done materializing entity [fr.epita.advjava.datamodel.Member#8]
12:20:57.199 [main] DEBUG org.hibernate.engine.internal.TwoPhaseLoad - Resolving attributes for [fr.epita.advjava.datamodel.Member#9]
12:20:57.199 [main] DEBUG org.hibernate.engine.internal.TwoPhaseLoad - Processing attribute `address` : value = 5 Dragons Way, Winchester
12:20:57.199 [main] DEBUG org.hibernate.engine.internal.TwoPhaseLoad - Attribute (`address`)  - enhanced for lazy-loading? - false
12:20:57.199 [main] DEBUG org.hibernate.engine.internal.TwoPhaseLoad - Processing attribute `firstName` : value = Ponder
12:20:57.199 [main] DEBUG org.hibernate.engine.internal.TwoPhaseLoad - Attribute (`firstName`)  - enhanced for lazy-loading? - false
12:20:57.200 [main] DEBUG org.hibernate.engine.internal.TwoPhaseLoad - Processing attribute `joinDate` : value = 2012-07-25 17:09:05.0
12:20:57.200 [main] DEBUG org.hibernate.engine.internal.TwoPhaseLoad - Attribute (`joinDate`)  - enhanced for lazy-loading? - false
12:20:57.200 [main] DEBUG org.hibernate.engine.internal.TwoPhaseLoad - Processing attribute `recommendedBy` : value = 6
12:20:57.200 [main] DEBUG org.hibernate.engine.internal.TwoPhaseLoad - Attribute (`recommendedBy`)  - enhanced for lazy-loading? - false
12:20:57.201 [main] DEBUG org.hibernate.engine.internal.TwoPhaseLoad - Processing attribute `surname` : value = Stibbons
12:20:57.201 [main] DEBUG org.hibernate.engine.internal.TwoPhaseLoad - Attribute (`surname`)  - enhanced for lazy-loading? - false
12:20:57.201 [main] DEBUG org.hibernate.engine.internal.TwoPhaseLoad - Processing attribute `telephone` : value = (833) 160-3900
12:20:57.201 [main] DEBUG org.hibernate.engine.internal.TwoPhaseLoad - Attribute (`telephone`)  - enhanced for lazy-loading? - false
12:20:57.201 [main] DEBUG org.hibernate.engine.internal.TwoPhaseLoad - Processing attribute `zipcode` : value = 87630
12:20:57.201 [main] DEBUG org.hibernate.engine.internal.TwoPhaseLoad - Attribute (`zipcode`)  - enhanced for lazy-loading? - false
12:20:57.202 [main] DEBUG org.hibernate.engine.internal.TwoPhaseLoad - Done materializing entity [fr.epita.advjava.datamodel.Member#9]
12:20:57.202 [main] DEBUG org.hibernate.engine.internal.TwoPhaseLoad - Resolving attributes for [fr.epita.advjava.datamodel.Member#10]
12:20:57.202 [main] DEBUG org.hibernate.engine.internal.TwoPhaseLoad - Processing attribute `address` : value = 52 Cheshire Grove, Winchester, 28563
12:20:57.202 [main] DEBUG org.hibernate.engine.internal.TwoPhaseLoad - Attribute (`address`)  - enhanced for lazy-loading? - false
12:20:57.202 [main] DEBUG org.hibernate.engine.internal.TwoPhaseLoad - Processing attribute `firstName` : value = Charles
12:20:57.202 [main] DEBUG org.hibernate.engine.internal.TwoPhaseLoad - Attribute (`firstName`)  - enhanced for lazy-loading? - false
12:20:57.202 [main] DEBUG org.hibernate.engine.internal.TwoPhaseLoad - Processing attribute `joinDate` : value = 2012-08-03 19:42:37.0
12:20:57.202 [main] DEBUG org.hibernate.engine.internal.TwoPhaseLoad - Attribute (`joinDate`)  - enhanced for lazy-loading? - false
12:20:57.202 [main] DEBUG org.hibernate.engine.internal.TwoPhaseLoad - Processing attribute `recommendedBy` : value = 1
12:20:57.202 [main] DEBUG org.hibernate.engine.internal.TwoPhaseLoad - Attribute (`recommendedBy`)  - enhanced for lazy-loading? - false
12:20:57.203 [main] DEBUG org.hibernate.engine.internal.TwoPhaseLoad - Processing attribute `surname` : value = Owen
12:20:57.203 [main] DEBUG org.hibernate.engine.internal.TwoPhaseLoad - Attribute (`surname`)  - enhanced for lazy-loading? - false
12:20:57.203 [main] DEBUG org.hibernate.engine.internal.TwoPhaseLoad - Processing attribute `telephone` : value = (855) 542-5251
12:20:57.203 [main] DEBUG org.hibernate.engine.internal.TwoPhaseLoad - Attribute (`telephone`)  - enhanced for lazy-loading? - false
12:20:57.203 [main] DEBUG org.hibernate.engine.internal.TwoPhaseLoad - Processing attribute `zipcode` : value = 28563
12:20:57.203 [main] DEBUG org.hibernate.engine.internal.TwoPhaseLoad - Attribute (`zipcode`)  - enhanced for lazy-loading? - false
12:20:57.203 [main] DEBUG org.hibernate.engine.internal.TwoPhaseLoad - Done materializing entity [fr.epita.advjava.datamodel.Member#10]
12:20:57.203 [main] DEBUG org.hibernate.engine.internal.TwoPhaseLoad - Resolving attributes for [fr.epita.advjava.datamodel.Member#11]
12:20:57.204 [main] DEBUG org.hibernate.engine.internal.TwoPhaseLoad - Processing attribute `address` : value = 976 Gnats Close, Reading
12:20:57.204 [main] DEBUG org.hibernate.engine.internal.TwoPhaseLoad - Attribute (`address`)  - enhanced for lazy-loading? - false
12:20:57.204 [main] DEBUG org.hibernate.engine.internal.TwoPhaseLoad - Processing attribute `firstName` : value = David
12:20:57.204 [main] DEBUG org.hibernate.engine.internal.TwoPhaseLoad - Attribute (`firstName`)  - enhanced for lazy-loading? - false
12:20:57.204 [main] DEBUG org.hibernate.engine.internal.TwoPhaseLoad - Processing attribute `joinDate` : value = 2012-08-06 16:32:55.0
12:20:57.204 [main] DEBUG org.hibernate.engine.internal.TwoPhaseLoad - Attribute (`joinDate`)  - enhanced for lazy-loading? - false
12:20:57.204 [main] DEBUG org.hibernate.engine.internal.TwoPhaseLoad - Processing attribute `recommendedBy` : value = 4
12:20:57.204 [main] DEBUG org.hibernate.engine.internal.TwoPhaseLoad - Attribute (`recommendedBy`)  - enhanced for lazy-loading? - false
12:20:57.204 [main] DEBUG org.hibernate.engine.internal.TwoPhaseLoad - Processing attribute `surname` : value = Jones
12:20:57.204 [main] DEBUG org.hibernate.engine.internal.TwoPhaseLoad - Attribute (`surname`)  - enhanced for lazy-loading? - false
12:20:57.204 [main] DEBUG org.hibernate.engine.internal.TwoPhaseLoad - Processing attribute `telephone` : value = (844) 536-8036
12:20:57.204 [main] DEBUG org.hibernate.engine.internal.TwoPhaseLoad - Attribute (`telephone`)  - enhanced for lazy-loading? - false
12:20:57.204 [main] DEBUG org.hibernate.engine.internal.TwoPhaseLoad - Processing attribute `zipcode` : value = 33862
12:20:57.205 [main] DEBUG org.hibernate.engine.internal.TwoPhaseLoad - Attribute (`zipcode`)  - enhanced for lazy-loading? - false
12:20:57.205 [main] DEBUG org.hibernate.engine.internal.TwoPhaseLoad - Done materializing entity [fr.epita.advjava.datamodel.Member#11]
12:20:57.205 [main] DEBUG org.hibernate.engine.internal.TwoPhaseLoad - Resolving attributes for [fr.epita.advjava.datamodel.Member#12]
12:20:57.205 [main] DEBUG org.hibernate.engine.internal.TwoPhaseLoad - Processing attribute `address` : value = 55 Powdery Street, Boston
12:20:57.205 [main] DEBUG org.hibernate.engine.internal.TwoPhaseLoad - Attribute (`address`)  - enhanced for lazy-loading? - false
12:20:57.205 [main] DEBUG org.hibernate.engine.internal.TwoPhaseLoad - Processing attribute `firstName` : value = Anne
12:20:57.205 [main] DEBUG org.hibernate.engine.internal.TwoPhaseLoad - Attribute (`firstName`)  - enhanced for lazy-loading? - false
12:20:57.206 [main] DEBUG org.hibernate.engine.internal.TwoPhaseLoad - Processing attribute `joinDate` : value = 2012-08-10 14:23:22.0
12:20:57.206 [main] DEBUG org.hibernate.engine.internal.TwoPhaseLoad - Attribute (`joinDate`)  - enhanced for lazy-loading? - false
12:20:57.206 [main] DEBUG org.hibernate.engine.internal.TwoPhaseLoad - Processing attribute `recommendedBy` : value = 9
12:20:57.206 [main] DEBUG org.hibernate.engine.internal.TwoPhaseLoad - Attribute (`recommendedBy`)  - enhanced for lazy-loading? - false
12:20:57.206 [main] DEBUG org.hibernate.engine.internal.TwoPhaseLoad - Processing attribute `surname` : value = Baker
12:20:57.206 [main] DEBUG org.hibernate.engine.internal.TwoPhaseLoad - Attribute (`surname`)  - enhanced for lazy-loading? - false
12:20:57.206 [main] DEBUG org.hibernate.engine.internal.TwoPhaseLoad - Processing attribute `telephone` : value = 844-076-5141
12:20:57.206 [main] DEBUG org.hibernate.engine.internal.TwoPhaseLoad - Attribute (`telephone`)  - enhanced for lazy-loading? - false
12:20:57.206 [main] DEBUG org.hibernate.engine.internal.TwoPhaseLoad - Processing attribute `zipcode` : value = 80743
12:20:57.206 [main] DEBUG org.hibernate.engine.internal.TwoPhaseLoad - Attribute (`zipcode`)  - enhanced for lazy-loading? - false
12:20:57.207 [main] DEBUG org.hibernate.engine.internal.TwoPhaseLoad - Done materializing entity [fr.epita.advjava.datamodel.Member#12]
12:20:57.207 [main] DEBUG org.hibernate.engine.internal.TwoPhaseLoad - Resolving attributes for [fr.epita.advjava.datamodel.Member#13]
12:20:57.207 [main] DEBUG org.hibernate.engine.internal.TwoPhaseLoad - Processing attribute `address` : value = 103 Firth Avenue, North Reading
12:20:57.207 [main] DEBUG org.hibernate.engine.internal.TwoPhaseLoad - Attribute (`address`)  - enhanced for lazy-loading? - false
12:20:57.207 [main] DEBUG org.hibernate.engine.internal.TwoPhaseLoad - Processing attribute `firstName` : value = Jemima
12:20:57.207 [main] DEBUG org.hibernate.engine.internal.TwoPhaseLoad - Attribute (`firstName`)  - enhanced for lazy-loading? - false
12:20:57.207 [main] DEBUG org.hibernate.engine.internal.TwoPhaseLoad - Processing attribute `joinDate` : value = 2012-08-10 14:28:01.0
12:20:57.207 [main] DEBUG org.hibernate.engine.internal.TwoPhaseLoad - Attribute (`joinDate`)  - enhanced for lazy-loading? - false
12:20:57.207 [main] DEBUG org.hibernate.engine.internal.TwoPhaseLoad - Processing attribute `recommendedBy` : value = null
12:20:57.207 [main] DEBUG org.hibernate.engine.internal.TwoPhaseLoad - Attribute (`recommendedBy`)  - enhanced for lazy-loading? - false
12:20:57.207 [main] DEBUG org.hibernate.engine.internal.TwoPhaseLoad - Processing attribute `surname` : value = Farrell
12:20:57.207 [main] DEBUG org.hibernate.engine.internal.TwoPhaseLoad - Attribute (`surname`)  - enhanced for lazy-loading? - false
12:20:57.208 [main] DEBUG org.hibernate.engine.internal.TwoPhaseLoad - Processing attribute `telephone` : value = (855) 016-0163
12:20:57.208 [main] DEBUG org.hibernate.engine.internal.TwoPhaseLoad - Attribute (`telephone`)  - enhanced for lazy-loading? - false
12:20:57.208 [main] DEBUG org.hibernate.engine.internal.TwoPhaseLoad - Processing attribute `zipcode` : value = 57392
12:20:57.208 [main] DEBUG org.hibernate.engine.internal.TwoPhaseLoad - Attribute (`zipcode`)  - enhanced for lazy-loading? - false
12:20:57.208 [main] DEBUG org.hibernate.engine.internal.TwoPhaseLoad - Done materializing entity [fr.epita.advjava.datamodel.Member#13]
12:20:57.208 [main] DEBUG org.hibernate.engine.internal.TwoPhaseLoad - Resolving attributes for [fr.epita.advjava.datamodel.Member#14]
12:20:57.208 [main] DEBUG org.hibernate.engine.internal.TwoPhaseLoad - Processing attribute `address` : value = 252 Binkington Way, Boston
12:20:57.208 [main] DEBUG org.hibernate.engine.internal.TwoPhaseLoad - Attribute (`address`)  - enhanced for lazy-loading? - false
12:20:57.208 [main] DEBUG org.hibernate.engine.internal.TwoPhaseLoad - Processing attribute `firstName` : value = Jack
12:20:57.209 [main] DEBUG org.hibernate.engine.internal.TwoPhaseLoad - Attribute (`firstName`)  - enhanced for lazy-loading? - false
12:20:57.209 [main] DEBUG org.hibernate.engine.internal.TwoPhaseLoad - Processing attribute `joinDate` : value = 2012-08-10 16:22:05.0
12:20:57.209 [main] DEBUG org.hibernate.engine.internal.TwoPhaseLoad - Attribute (`joinDate`)  - enhanced for lazy-loading? - false
12:20:57.209 [main] DEBUG org.hibernate.engine.internal.TwoPhaseLoad - Processing attribute `recommendedBy` : value = 1
12:20:57.209 [main] DEBUG org.hibernate.engine.internal.TwoPhaseLoad - Attribute (`recommendedBy`)  - enhanced for lazy-loading? - false
12:20:57.209 [main] DEBUG org.hibernate.engine.internal.TwoPhaseLoad - Processing attribute `surname` : value = Smith
12:20:57.209 [main] DEBUG org.hibernate.engine.internal.TwoPhaseLoad - Attribute (`surname`)  - enhanced for lazy-loading? - false
12:20:57.209 [main] DEBUG org.hibernate.engine.internal.TwoPhaseLoad - Processing attribute `telephone` : value = (822) 163-3254
12:20:57.209 [main] DEBUG org.hibernate.engine.internal.TwoPhaseLoad - Attribute (`telephone`)  - enhanced for lazy-loading? - false
12:20:57.209 [main] DEBUG org.hibernate.engine.internal.TwoPhaseLoad - Processing attribute `zipcode` : value = 69302
12:20:57.209 [main] DEBUG org.hibernate.engine.internal.TwoPhaseLoad - Attribute (`zipcode`)  - enhanced for lazy-loading? - false
12:20:57.209 [main] DEBUG org.hibernate.engine.internal.TwoPhaseLoad - Done materializing entity [fr.epita.advjava.datamodel.Member#14]
12:20:57.209 [main] DEBUG org.hibernate.engine.internal.TwoPhaseLoad - Resolving attributes for [fr.epita.advjava.datamodel.Member#15]
12:20:57.210 [main] DEBUG org.hibernate.engine.internal.TwoPhaseLoad - Processing attribute `address` : value = 264 Ursula Drive, Westford
12:20:57.210 [main] DEBUG org.hibernate.engine.internal.TwoPhaseLoad - Attribute (`address`)  - enhanced for lazy-loading? - false
12:20:57.210 [main] DEBUG org.hibernate.engine.internal.TwoPhaseLoad - Processing attribute `firstName` : value = Florence
12:20:57.210 [main] DEBUG org.hibernate.engine.internal.TwoPhaseLoad - Attribute (`firstName`)  - enhanced for lazy-loading? - false
12:20:57.210 [main] DEBUG org.hibernate.engine.internal.TwoPhaseLoad - Processing attribute `joinDate` : value = 2012-08-10 17:52:03.0
12:20:57.210 [main] DEBUG org.hibernate.engine.internal.TwoPhaseLoad - Attribute (`joinDate`)  - enhanced for lazy-loading? - false
12:20:57.210 [main] DEBUG org.hibernate.engine.internal.TwoPhaseLoad - Processing attribute `recommendedBy` : value = 9
12:20:57.210 [main] DEBUG org.hibernate.engine.internal.TwoPhaseLoad - Attribute (`recommendedBy`)  - enhanced for lazy-loading? - false
12:20:57.210 [main] DEBUG org.hibernate.engine.internal.TwoPhaseLoad - Processing attribute `surname` : value = Bader
12:20:57.210 [main] DEBUG org.hibernate.engine.internal.TwoPhaseLoad - Attribute (`surname`)  - enhanced for lazy-loading? - false
12:20:57.210 [main] DEBUG org.hibernate.engine.internal.TwoPhaseLoad - Processing attribute `telephone` : value = (833) 499-3527
12:20:57.210 [main] DEBUG org.hibernate.engine.internal.TwoPhaseLoad - Attribute (`telephone`)  - enhanced for lazy-loading? - false
12:20:57.210 [main] DEBUG org.hibernate.engine.internal.TwoPhaseLoad - Processing attribute `zipcode` : value = 84923
12:20:57.210 [main] DEBUG org.hibernate.engine.internal.TwoPhaseLoad - Attribute (`zipcode`)  - enhanced for lazy-loading? - false
12:20:57.210 [main] DEBUG org.hibernate.engine.internal.TwoPhaseLoad - Done materializing entity [fr.epita.advjava.datamodel.Member#15]
12:20:57.211 [main] DEBUG org.hibernate.engine.internal.TwoPhaseLoad - Resolving attributes for [fr.epita.advjava.datamodel.Member#16]
12:20:57.211 [main] DEBUG org.hibernate.engine.internal.TwoPhaseLoad - Processing attribute `address` : value = 329 James Street, Reading
12:20:57.211 [main] DEBUG org.hibernate.engine.internal.TwoPhaseLoad - Attribute (`address`)  - enhanced for lazy-loading? - false
12:20:57.211 [main] DEBUG org.hibernate.engine.internal.TwoPhaseLoad - Processing attribute `firstName` : value = Timothy
12:20:57.211 [main] DEBUG org.hibernate.engine.internal.TwoPhaseLoad - Attribute (`firstName`)  - enhanced for lazy-loading? - false
12:20:57.211 [main] DEBUG org.hibernate.engine.internal.TwoPhaseLoad - Processing attribute `joinDate` : value = 2012-08-15 10:34:25.0
12:20:57.211 [main] DEBUG org.hibernate.engine.internal.TwoPhaseLoad - Attribute (`joinDate`)  - enhanced for lazy-loading? - false
12:20:57.211 [main] DEBUG org.hibernate.engine.internal.TwoPhaseLoad - Processing attribute `recommendedBy` : value = 13
12:20:57.211 [main] DEBUG org.hibernate.engine.internal.TwoPhaseLoad - Attribute (`recommendedBy`)  - enhanced for lazy-loading? - false
12:20:57.211 [main] DEBUG org.hibernate.engine.internal.TwoPhaseLoad - Processing attribute `surname` : value = Baker
12:20:57.211 [main] DEBUG org.hibernate.engine.internal.TwoPhaseLoad - Attribute (`surname`)  - enhanced for lazy-loading? - false
12:20:57.211 [main] DEBUG org.hibernate.engine.internal.TwoPhaseLoad - Processing attribute `telephone` : value = 833-941-0824
12:20:57.211 [main] DEBUG org.hibernate.engine.internal.TwoPhaseLoad - Attribute (`telephone`)  - enhanced for lazy-loading? - false
12:20:57.212 [main] DEBUG org.hibernate.engine.internal.TwoPhaseLoad - Processing attribute `zipcode` : value = 58393
12:20:57.212 [main] DEBUG org.hibernate.engine.internal.TwoPhaseLoad - Attribute (`zipcode`)  - enhanced for lazy-loading? - false
12:20:57.212 [main] DEBUG org.hibernate.engine.internal.TwoPhaseLoad - Done materializing entity [fr.epita.advjava.datamodel.Member#16]
12:20:57.212 [main] DEBUG org.hibernate.engine.internal.TwoPhaseLoad - Resolving attributes for [fr.epita.advjava.datamodel.Member#17]
12:20:57.212 [main] DEBUG org.hibernate.engine.internal.TwoPhaseLoad - Processing attribute `address` : value = 5 Impreza Road, Boston
12:20:57.212 [main] DEBUG org.hibernate.engine.internal.TwoPhaseLoad - Attribute (`address`)  - enhanced for lazy-loading? - false
12:20:57.212 [main] DEBUG org.hibernate.engine.internal.TwoPhaseLoad - Processing attribute `firstName` : value = David
12:20:57.212 [main] DEBUG org.hibernate.engine.internal.TwoPhaseLoad - Attribute (`firstName`)  - enhanced for lazy-loading? - false
12:20:57.212 [main] DEBUG org.hibernate.engine.internal.TwoPhaseLoad - Processing attribute `joinDate` : value = 2012-08-16 11:32:47.0
12:20:57.212 [main] DEBUG org.hibernate.engine.internal.TwoPhaseLoad - Attribute (`joinDate`)  - enhanced for lazy-loading? - false
12:20:57.212 [main] DEBUG org.hibernate.engine.internal.TwoPhaseLoad - Processing attribute `recommendedBy` : value = 13
12:20:57.212 [main] DEBUG org.hibernate.engine.internal.TwoPhaseLoad - Attribute (`recommendedBy`)  - enhanced for lazy-loading? - false
12:20:57.212 [main] DEBUG org.hibernate.engine.internal.TwoPhaseLoad - Processing attribute `surname` : value = Pinker
12:20:57.213 [main] DEBUG org.hibernate.engine.internal.TwoPhaseLoad - Attribute (`surname`)  - enhanced for lazy-loading? - false
12:20:57.213 [main] DEBUG org.hibernate.engine.internal.TwoPhaseLoad - Processing attribute `telephone` : value = 811 409-6734
12:20:57.213 [main] DEBUG org.hibernate.engine.internal.TwoPhaseLoad - Attribute (`telephone`)  - enhanced for lazy-loading? - false
12:20:57.213 [main] DEBUG org.hibernate.engine.internal.TwoPhaseLoad - Processing attribute `zipcode` : value = 65332
12:20:57.213 [main] DEBUG org.hibernate.engine.internal.TwoPhaseLoad - Attribute (`zipcode`)  - enhanced for lazy-loading? - false
12:20:57.213 [main] DEBUG org.hibernate.engine.internal.TwoPhaseLoad - Done materializing entity [fr.epita.advjava.datamodel.Member#17]
12:20:57.213 [main] DEBUG org.hibernate.engine.internal.TwoPhaseLoad - Resolving attributes for [fr.epita.advjava.datamodel.Member#20]
12:20:57.214 [main] DEBUG org.hibernate.engine.internal.TwoPhaseLoad - Processing attribute `address` : value = 4 Nunnington Place, Wingfield, Boston
12:20:57.214 [main] DEBUG org.hibernate.engine.internal.TwoPhaseLoad - Attribute (`address`)  - enhanced for lazy-loading? - false
12:20:57.215 [main] DEBUG org.hibernate.engine.internal.TwoPhaseLoad - Processing attribute `firstName` : value = Matthew
12:20:57.216 [main] DEBUG org.hibernate.engine.internal.TwoPhaseLoad - Attribute (`firstName`)  - enhanced for lazy-loading? - false
12:20:57.216 [main] DEBUG org.hibernate.engine.internal.TwoPhaseLoad - Processing attribute `joinDate` : value = 2012-08-19 14:55:55.0
12:20:57.216 [main] DEBUG org.hibernate.engine.internal.TwoPhaseLoad - Attribute (`joinDate`)  - enhanced for lazy-loading? - false
12:20:57.216 [main] DEBUG org.hibernate.engine.internal.TwoPhaseLoad - Processing attribute `recommendedBy` : value = 5
12:20:57.216 [main] DEBUG org.hibernate.engine.internal.TwoPhaseLoad - Attribute (`recommendedBy`)  - enhanced for lazy-loading? - false
12:20:57.216 [main] DEBUG org.hibernate.engine.internal.TwoPhaseLoad - Processing attribute `surname` : value = Genting
12:20:57.217 [main] DEBUG org.hibernate.engine.internal.TwoPhaseLoad - Attribute (`surname`)  - enhanced for lazy-loading? - false
12:20:57.217 [main] DEBUG org.hibernate.engine.internal.TwoPhaseLoad - Processing attribute `telephone` : value = (811) 972-1377
12:20:57.217 [main] DEBUG org.hibernate.engine.internal.TwoPhaseLoad - Attribute (`telephone`)  - enhanced for lazy-loading? - false
12:20:57.217 [main] DEBUG org.hibernate.engine.internal.TwoPhaseLoad - Processing attribute `zipcode` : value = 52365
12:20:57.218 [main] DEBUG org.hibernate.engine.internal.TwoPhaseLoad - Attribute (`zipcode`)  - enhanced for lazy-loading? - false
12:20:57.218 [main] DEBUG org.hibernate.engine.internal.TwoPhaseLoad - Done materializing entity [fr.epita.advjava.datamodel.Member#20]
12:20:57.218 [main] DEBUG org.hibernate.engine.internal.TwoPhaseLoad - Resolving attributes for [fr.epita.advjava.datamodel.Member#21]
12:20:57.218 [main] DEBUG org.hibernate.engine.internal.TwoPhaseLoad - Processing attribute `address` : value = 64 Perkington Lane, Reading
12:20:57.218 [main] DEBUG org.hibernate.engine.internal.TwoPhaseLoad - Attribute (`address`)  - enhanced for lazy-loading? - false
12:20:57.218 [main] DEBUG org.hibernate.engine.internal.TwoPhaseLoad - Processing attribute `firstName` : value = Anna
12:20:57.218 [main] DEBUG org.hibernate.engine.internal.TwoPhaseLoad - Attribute (`firstName`)  - enhanced for lazy-loading? - false
12:20:57.218 [main] DEBUG org.hibernate.engine.internal.TwoPhaseLoad - Processing attribute `joinDate` : value = 2012-08-26 09:32:05.0
12:20:57.219 [main] DEBUG org.hibernate.engine.internal.TwoPhaseLoad - Attribute (`joinDate`)  - enhanced for lazy-loading? - false
12:20:57.219 [main] DEBUG org.hibernate.engine.internal.TwoPhaseLoad - Processing attribute `recommendedBy` : value = 1
12:20:57.219 [main] DEBUG org.hibernate.engine.internal.TwoPhaseLoad - Attribute (`recommendedBy`)  - enhanced for lazy-loading? - false
12:20:57.219 [main] DEBUG org.hibernate.engine.internal.TwoPhaseLoad - Processing attribute `surname` : value = Mackenzie
12:20:57.219 [main] DEBUG org.hibernate.engine.internal.TwoPhaseLoad - Attribute (`surname`)  - enhanced for lazy-loading? - false
12:20:57.219 [main] DEBUG org.hibernate.engine.internal.TwoPhaseLoad - Processing attribute `telephone` : value = (822) 661-2898
12:20:57.219 [main] DEBUG org.hibernate.engine.internal.TwoPhaseLoad - Attribute (`telephone`)  - enhanced for lazy-loading? - false
12:20:57.219 [main] DEBUG org.hibernate.engine.internal.TwoPhaseLoad - Processing attribute `zipcode` : value = 64577
12:20:57.219 [main] DEBUG org.hibernate.engine.internal.TwoPhaseLoad - Attribute (`zipcode`)  - enhanced for lazy-loading? - false
12:20:57.219 [main] DEBUG org.hibernate.engine.internal.TwoPhaseLoad - Done materializing entity [fr.epita.advjava.datamodel.Member#21]
12:20:57.219 [main] DEBUG org.hibernate.engine.internal.TwoPhaseLoad - Resolving attributes for [fr.epita.advjava.datamodel.Member#22]
12:20:57.219 [main] DEBUG org.hibernate.engine.internal.TwoPhaseLoad - Processing attribute `address` : value = 85 Bard Street, Bloomington, Boston
12:20:57.219 [main] DEBUG org.hibernate.engine.internal.TwoPhaseLoad - Attribute (`address`)  - enhanced for lazy-loading? - false
12:20:57.220 [main] DEBUG org.hibernate.engine.internal.TwoPhaseLoad - Processing attribute `firstName` : value = Joan
12:20:57.220 [main] DEBUG org.hibernate.engine.internal.TwoPhaseLoad - Attribute (`firstName`)  - enhanced for lazy-loading? - false
12:20:57.220 [main] DEBUG org.hibernate.engine.internal.TwoPhaseLoad - Processing attribute `joinDate` : value = 2012-08-29 08:32:41.0
12:20:57.220 [main] DEBUG org.hibernate.engine.internal.TwoPhaseLoad - Attribute (`joinDate`)  - enhanced for lazy-loading? - false
12:20:57.220 [main] DEBUG org.hibernate.engine.internal.TwoPhaseLoad - Processing attribute `recommendedBy` : value = 16
12:20:57.220 [main] DEBUG org.hibernate.engine.internal.TwoPhaseLoad - Attribute (`recommendedBy`)  - enhanced for lazy-loading? - false
12:20:57.220 [main] DEBUG org.hibernate.engine.internal.TwoPhaseLoad - Processing attribute `surname` : value = Coplin
12:20:57.220 [main] DEBUG org.hibernate.engine.internal.TwoPhaseLoad - Attribute (`surname`)  - enhanced for lazy-loading? - false
12:20:57.220 [main] DEBUG org.hibernate.engine.internal.TwoPhaseLoad - Processing attribute `telephone` : value = (822) 499-2232
12:20:57.220 [main] DEBUG org.hibernate.engine.internal.TwoPhaseLoad - Attribute (`telephone`)  - enhanced for lazy-loading? - false
12:20:57.220 [main] DEBUG org.hibernate.engine.internal.TwoPhaseLoad - Processing attribute `zipcode` : value = 43533
12:20:57.220 [main] DEBUG org.hibernate.engine.internal.TwoPhaseLoad - Attribute (`zipcode`)  - enhanced for lazy-loading? - false
12:20:57.221 [main] DEBUG org.hibernate.engine.internal.TwoPhaseLoad - Done materializing entity [fr.epita.advjava.datamodel.Member#22]
12:20:57.221 [main] DEBUG org.hibernate.engine.internal.TwoPhaseLoad - Resolving attributes for [fr.epita.advjava.datamodel.Member#24]
12:20:57.221 [main] DEBUG org.hibernate.engine.internal.TwoPhaseLoad - Processing attribute `address` : value = 12 Bullington Lane, Boston
12:20:57.221 [main] DEBUG org.hibernate.engine.internal.TwoPhaseLoad - Attribute (`address`)  - enhanced for lazy-loading? - false
12:20:57.221 [main] DEBUG org.hibernate.engine.internal.TwoPhaseLoad - Processing attribute `firstName` : value = Ramnaresh
12:20:57.221 [main] DEBUG org.hibernate.engine.internal.TwoPhaseLoad - Attribute (`firstName`)  - enhanced for lazy-loading? - false
12:20:57.222 [main] DEBUG org.hibernate.engine.internal.TwoPhaseLoad - Processing attribute `joinDate` : value = 2012-09-01 08:44:42.0
12:20:57.222 [main] DEBUG org.hibernate.engine.internal.TwoPhaseLoad - Attribute (`joinDate`)  - enhanced for lazy-loading? - false
12:20:57.222 [main] DEBUG org.hibernate.engine.internal.TwoPhaseLoad - Processing attribute `recommendedBy` : value = 15
12:20:57.222 [main] DEBUG org.hibernate.engine.internal.TwoPhaseLoad - Attribute (`recommendedBy`)  - enhanced for lazy-loading? - false
12:20:57.222 [main] DEBUG org.hibernate.engine.internal.TwoPhaseLoad - Processing attribute `surname` : value = Sarwin
12:20:57.222 [main] DEBUG org.hibernate.engine.internal.TwoPhaseLoad - Attribute (`surname`)  - enhanced for lazy-loading? - false
12:20:57.222 [main] DEBUG org.hibernate.engine.internal.TwoPhaseLoad - Processing attribute `telephone` : value = (822) 413-1470
12:20:57.222 [main] DEBUG org.hibernate.engine.internal.TwoPhaseLoad - Attribute (`telephone`)  - enhanced for lazy-loading? - false
12:20:57.222 [main] DEBUG org.hibernate.engine.internal.TwoPhaseLoad - Processing attribute `zipcode` : value = 65464
12:20:57.222 [main] DEBUG org.hibernate.engine.internal.TwoPhaseLoad - Attribute (`zipcode`)  - enhanced for lazy-loading? - false
12:20:57.222 [main] DEBUG org.hibernate.engine.internal.TwoPhaseLoad - Done materializing entity [fr.epita.advjava.datamodel.Member#24]
12:20:57.223 [main] DEBUG org.hibernate.engine.internal.TwoPhaseLoad - Resolving attributes for [fr.epita.advjava.datamodel.Member#26]
12:20:57.223 [main] DEBUG org.hibernate.engine.internal.TwoPhaseLoad - Processing attribute `address` : value = 976 Gnats Close, Reading
12:20:57.223 [main] DEBUG org.hibernate.engine.internal.TwoPhaseLoad - Attribute (`address`)  - enhanced for lazy-loading? - false
12:20:57.223 [main] DEBUG org.hibernate.engine.internal.TwoPhaseLoad - Processing attribute `firstName` : value = Douglas
12:20:57.223 [main] DEBUG org.hibernate.engine.internal.TwoPhaseLoad - Attribute (`firstName`)  - enhanced for lazy-loading? - false
12:20:57.224 [main] DEBUG org.hibernate.engine.internal.TwoPhaseLoad - Processing attribute `joinDate` : value = 2012-09-02 18:43:05.0
12:20:57.224 [main] DEBUG org.hibernate.engine.internal.TwoPhaseLoad - Attribute (`joinDate`)  - enhanced for lazy-loading? - false
12:20:57.225 [main] DEBUG org.hibernate.engine.internal.TwoPhaseLoad - Processing attribute `recommendedBy` : value = 11
12:20:57.225 [main] DEBUG org.hibernate.engine.internal.TwoPhaseLoad - Attribute (`recommendedBy`)  - enhanced for lazy-loading? - false
12:20:57.225 [main] DEBUG org.hibernate.engine.internal.TwoPhaseLoad - Processing attribute `surname` : value = Jones
12:20:57.225 [main] DEBUG org.hibernate.engine.internal.TwoPhaseLoad - Attribute (`surname`)  - enhanced for lazy-loading? - false
12:20:57.225 [main] DEBUG org.hibernate.engine.internal.TwoPhaseLoad - Processing attribute `telephone` : value = 844 536-8036
12:20:57.225 [main] DEBUG org.hibernate.engine.internal.TwoPhaseLoad - Attribute (`telephone`)  - enhanced for lazy-loading? - false
12:20:57.225 [main] DEBUG org.hibernate.engine.internal.TwoPhaseLoad - Processing attribute `zipcode` : value = 11986
12:20:57.226 [main] DEBUG org.hibernate.engine.internal.TwoPhaseLoad - Attribute (`zipcode`)  - enhanced for lazy-loading? - false
12:20:57.226 [main] DEBUG org.hibernate.engine.internal.TwoPhaseLoad - Done materializing entity [fr.epita.advjava.datamodel.Member#26]
12:20:57.226 [main] DEBUG org.hibernate.engine.internal.TwoPhaseLoad - Resolving attributes for [fr.epita.advjava.datamodel.Member#27]
12:20:57.226 [main] DEBUG org.hibernate.engine.internal.TwoPhaseLoad - Processing attribute `address` : value = 3 Burkington Plaza, Boston
12:20:57.226 [main] DEBUG org.hibernate.engine.internal.TwoPhaseLoad - Attribute (`address`)  - enhanced for lazy-loading? - false
12:20:57.226 [main] DEBUG org.hibernate.engine.internal.TwoPhaseLoad - Processing attribute `firstName` : value = Henrietta
12:20:57.226 [main] DEBUG org.hibernate.engine.internal.TwoPhaseLoad - Attribute (`firstName`)  - enhanced for lazy-loading? - false
12:20:57.226 [main] DEBUG org.hibernate.engine.internal.TwoPhaseLoad - Processing attribute `joinDate` : value = 2012-09-05 08:42:35.0
12:20:57.227 [main] DEBUG org.hibernate.engine.internal.TwoPhaseLoad - Attribute (`joinDate`)  - enhanced for lazy-loading? - false
12:20:57.227 [main] DEBUG org.hibernate.engine.internal.TwoPhaseLoad - Processing attribute `recommendedBy` : value = 20
12:20:57.227 [main] DEBUG org.hibernate.engine.internal.TwoPhaseLoad - Attribute (`recommendedBy`)  - enhanced for lazy-loading? - false
12:20:57.227 [main] DEBUG org.hibernate.engine.internal.TwoPhaseLoad - Processing attribute `surname` : value = Rumney
12:20:57.228 [main] DEBUG org.hibernate.engine.internal.TwoPhaseLoad - Attribute (`surname`)  - enhanced for lazy-loading? - false
12:20:57.228 [main] DEBUG org.hibernate.engine.internal.TwoPhaseLoad - Processing attribute `telephone` : value = (822) 989-8876
12:20:57.228 [main] DEBUG org.hibernate.engine.internal.TwoPhaseLoad - Attribute (`telephone`)  - enhanced for lazy-loading? - false
12:20:57.228 [main] DEBUG org.hibernate.engine.internal.TwoPhaseLoad - Processing attribute `zipcode` : value = 78533
12:20:57.228 [main] DEBUG org.hibernate.engine.internal.TwoPhaseLoad - Attribute (`zipcode`)  - enhanced for lazy-loading? - false
12:20:57.229 [main] DEBUG org.hibernate.engine.internal.TwoPhaseLoad - Done materializing entity [fr.epita.advjava.datamodel.Member#27]
12:20:57.229 [main] DEBUG org.hibernate.engine.internal.TwoPhaseLoad - Resolving attributes for [fr.epita.advjava.datamodel.Member#28]
12:20:57.229 [main] DEBUG org.hibernate.engine.internal.TwoPhaseLoad - Processing attribute `address` : value = 437 Granite Farm Road, Westford
12:20:57.229 [main] DEBUG org.hibernate.engine.internal.TwoPhaseLoad - Attribute (`address`)  - enhanced for lazy-loading? - false
12:20:57.229 [main] DEBUG org.hibernate.engine.internal.TwoPhaseLoad - Processing attribute `firstName` : value = David
12:20:57.229 [main] DEBUG org.hibernate.engine.internal.TwoPhaseLoad - Attribute (`firstName`)  - enhanced for lazy-loading? - false
12:20:57.229 [main] DEBUG org.hibernate.engine.internal.TwoPhaseLoad - Processing attribute `joinDate` : value = 2012-09-15 08:22:05.0
12:20:57.229 [main] DEBUG org.hibernate.engine.internal.TwoPhaseLoad - Attribute (`joinDate`)  - enhanced for lazy-loading? - false
12:20:57.229 [main] DEBUG org.hibernate.engine.internal.TwoPhaseLoad - Processing attribute `recommendedBy` : value = null
[...]
12:20:57.298 [main] DEBUG org.hibernate.engine.internal.TwoPhaseLoad - Processing attribute `initialOutlay` : value = 320.0
12:20:57.298 [main] DEBUG org.hibernate.engine.internal.TwoPhaseLoad - Attribute (`initialOutlay`)  - enhanced for lazy-loading? - false
12:20:57.298 [main] DEBUG org.hibernate.engine.internal.TwoPhaseLoad - Processing attribute `memberCost` : value = 0.0
12:20:57.298 [main] DEBUG org.hibernate.engine.internal.TwoPhaseLoad - Attribute (`memberCost`)  - enhanced for lazy-loading? - false
12:20:57.298 [main] DEBUG org.hibernate.engine.internal.TwoPhaseLoad - Processing attribute `monthlyMaintenance` : value = 10.0
12:20:57.298 [main] DEBUG org.hibernate.engine.internal.TwoPhaseLoad - Attribute (`monthlyMaintenance`)  - enhanced for lazy-loading? - false
12:20:57.298 [main] DEBUG org.hibernate.engine.internal.TwoPhaseLoad - Processing attribute `name` : value = Table Tennis
12:20:57.298 [main] DEBUG org.hibernate.engine.internal.TwoPhaseLoad - Attribute (`name`)  - enhanced for lazy-loading? - false
12:20:57.299 [main] DEBUG org.hibernate.engine.internal.TwoPhaseLoad - Done materializing entity [fr.epita.advjava.datamodel.Facility#3]
12:20:57.299 [main] DEBUG org.hibernate.engine.internal.TwoPhaseLoad - Resolving attributes for [fr.epita.advjava.datamodel.Facility#4]
12:20:57.299 [main] DEBUG org.hibernate.engine.internal.TwoPhaseLoad - Processing attribute `guestCost` : value = 80.0
12:20:57.299 [main] DEBUG org.hibernate.engine.internal.TwoPhaseLoad - Attribute (`guestCost`)  - enhanced for lazy-loading? - false
12:20:57.299 [main] DEBUG org.hibernate.engine.internal.TwoPhaseLoad - Processing attribute `initialOutlay` : value = 4000.0
12:20:57.299 [main] DEBUG org.hibernate.engine.internal.TwoPhaseLoad - Attribute (`initialOutlay`)  - enhanced for lazy-loading? - false
12:20:57.299 [main] DEBUG org.hibernate.engine.internal.TwoPhaseLoad - Processing attribute `memberCost` : value = 35.0
12:20:57.299 [main] DEBUG org.hibernate.engine.internal.TwoPhaseLoad - Attribute (`memberCost`)  - enhanced for lazy-loading? - false
12:20:57.299 [main] DEBUG org.hibernate.engine.internal.TwoPhaseLoad - Processing attribute `monthlyMaintenance` : value = 3000.0
12:20:57.299 [main] DEBUG org.hibernate.engine.internal.TwoPhaseLoad - Attribute (`monthlyMaintenance`)  - enhanced for lazy-loading? - false
12:20:57.299 [main] DEBUG org.hibernate.engine.internal.TwoPhaseLoad - Processing attribute `name` : value = Massage Room 1
12:20:57.300 [main] DEBUG org.hibernate.engine.internal.TwoPhaseLoad - Attribute (`name`)  - enhanced for lazy-loading? - false
12:20:57.300 [main] DEBUG org.hibernate.engine.internal.TwoPhaseLoad - Done materializing entity [fr.epita.advjava.datamodel.Facility#4]
12:20:57.300 [main] DEBUG org.hibernate.engine.internal.TwoPhaseLoad - Resolving attributes for [fr.epita.advjava.datamodel.Facility#5]
12:20:57.300 [main] DEBUG org.hibernate.engine.internal.TwoPhaseLoad - Processing attribute `guestCost` : value = 80.0
12:20:57.300 [main] DEBUG org.hibernate.engine.internal.TwoPhaseLoad - Attribute (`guestCost`)  - enhanced for lazy-loading? - false
12:20:57.300 [main] DEBUG org.hibernate.engine.internal.TwoPhaseLoad - Processing attribute `initialOutlay` : value = 4000.0
12:20:57.300 [main] DEBUG org.hibernate.engine.internal.TwoPhaseLoad - Attribute (`initialOutlay`)  - enhanced for lazy-loading? - false
12:20:57.300 [main] DEBUG org.hibernate.engine.internal.TwoPhaseLoad - Processing attribute `memberCost` : value = 35.0
12:20:57.301 [main] DEBUG org.hibernate.engine.internal.TwoPhaseLoad - Attribute (`memberCost`)  - enhanced for lazy-loading? - false
12:20:57.301 [main] DEBUG org.hibernate.engine.internal.TwoPhaseLoad - Processing attribute `monthlyMaintenance` : value = 3000.0
12:20:57.301 [main] DEBUG org.hibernate.engine.internal.TwoPhaseLoad - Attribute (`monthlyMaintenance`)  - enhanced for lazy-loading? - false
12:20:57.301 [main] DEBUG org.hibernate.engine.internal.TwoPhaseLoad - Processing attribute `name` : value = Massage Room 2
12:20:57.301 [main] DEBUG org.hibernate.engine.internal.TwoPhaseLoad - Attribute (`name`)  - enhanced for lazy-loading? - false
12:20:57.301 [main] DEBUG org.hibernate.engine.internal.TwoPhaseLoad - Done materializing entity [fr.epita.advjava.datamodel.Facility#5]
12:20:57.301 [main] DEBUG org.hibernate.engine.internal.TwoPhaseLoad - Resolving attributes for [fr.epita.advjava.datamodel.Facility#6]
12:20:57.301 [main] DEBUG org.hibernate.engine.internal.TwoPhaseLoad - Processing attribute `guestCost` : value = 18.0
12:20:57.301 [main] DEBUG org.hibernate.engine.internal.TwoPhaseLoad - Attribute (`guestCost`)  - enhanced for lazy-loading? - false
12:20:57.301 [main] DEBUG org.hibernate.engine.internal.TwoPhaseLoad - Processing attribute `initialOutlay` : value = 5000.0
12:20:57.301 [main] DEBUG org.hibernate.engine.internal.TwoPhaseLoad - Attribute (`initialOutlay`)  - enhanced for lazy-loading? - false
12:20:57.303 [main] DEBUG org.hibernate.engine.internal.TwoPhaseLoad - Processing attribute `memberCost` : value = 4.0
12:20:57.303 [main] DEBUG org.hibernate.engine.internal.TwoPhaseLoad - Attribute (`memberCost`)  - enhanced for lazy-loading? - false
12:20:57.303 [main] DEBUG org.hibernate.engine.internal.TwoPhaseLoad - Processing attribute `monthlyMaintenance` : value = 80.0
12:20:57.303 [main] DEBUG org.hibernate.engine.internal.TwoPhaseLoad - Attribute (`monthlyMaintenance`)  - enhanced for lazy-loading? - false
12:20:57.303 [main] DEBUG org.hibernate.engine.internal.TwoPhaseLoad - Processing attribute `name` : value = Squash Court
12:20:57.303 [main] DEBUG org.hibernate.engine.internal.TwoPhaseLoad - Attribute (`name`)  - enhanced for lazy-loading? - false
12:20:57.304 [main] DEBUG org.hibernate.engine.internal.TwoPhaseLoad - Done materializing entity [fr.epita.advjava.datamodel.Facility#6]
12:20:57.304 [main] DEBUG org.hibernate.engine.internal.TwoPhaseLoad - Resolving attributes for [fr.epita.advjava.datamodel.Facility#7]
12:20:57.304 [main] DEBUG org.hibernate.engine.internal.TwoPhaseLoad - Processing attribute `guestCost` : value = 5.0
12:20:57.304 [main] DEBUG org.hibernate.engine.internal.TwoPhaseLoad - Attribute (`guestCost`)  - enhanced for lazy-loading? - false
12:20:57.305 [main] DEBUG org.hibernate.engine.internal.TwoPhaseLoad - Processing attribute `initialOutlay` : value = 450.0
12:20:57.305 [main] DEBUG org.hibernate.engine.internal.TwoPhaseLoad - Attribute (`initialOutlay`)  - enhanced for lazy-loading? - false
12:20:57.305 [main] DEBUG org.hibernate.engine.internal.TwoPhaseLoad - Processing attribute `memberCost` : value = 0.0
12:20:57.305 [main] DEBUG org.hibernate.engine.internal.TwoPhaseLoad - Attribute (`memberCost`)  - enhanced for lazy-loading? - false
12:20:57.305 [main] DEBUG org.hibernate.engine.internal.TwoPhaseLoad - Processing attribute `monthlyMaintenance` : value = 15.0
12:20:57.305 [main] DEBUG org.hibernate.engine.internal.TwoPhaseLoad - Attribute (`monthlyMaintenance`)  - enhanced for lazy-loading? - false
12:20:57.305 [main] DEBUG org.hibernate.engine.internal.TwoPhaseLoad - Processing attribute `name` : value = Snooker Table
12:20:57.305 [main] DEBUG org.hibernate.engine.internal.TwoPhaseLoad - Attribute (`name`)  - enhanced for lazy-loading? - false
12:20:57.305 [main] DEBUG org.hibernate.engine.internal.TwoPhaseLoad - Done materializing entity [fr.epita.advjava.datamodel.Facility#7]
12:20:57.306 [main] DEBUG org.hibernate.engine.internal.TwoPhaseLoad - Resolving attributes for [fr.epita.advjava.datamodel.Facility#8]
12:20:57.306 [main] DEBUG org.hibernate.engine.internal.TwoPhaseLoad - Processing attribute `guestCost` : value = 5.0
12:20:57.306 [main] DEBUG org.hibernate.engine.internal.TwoPhaseLoad - Attribute (`guestCost`)  - enhanced for lazy-loading? - false
12:20:57.306 [main] DEBUG org.hibernate.engine.internal.TwoPhaseLoad - Processing attribute `initialOutlay` : value = 400.0
12:20:57.306 [main] DEBUG org.hibernate.engine.internal.TwoPhaseLoad - Attribute (`initialOutlay`)  - enhanced for lazy-loading? - false
12:20:57.306 [main] DEBUG org.hibernate.engine.internal.TwoPhaseLoad - Processing attribute `memberCost` : value = 0.0
12:20:57.306 [main] DEBUG org.hibernate.engine.internal.TwoPhaseLoad - Attribute (`memberCost`)  - enhanced for lazy-loading? - false
12:20:57.306 [main] DEBUG org.hibernate.engine.internal.TwoPhaseLoad - Processing attribute `monthlyMaintenance` : value = 15.0
12:20:57.306 [main] DEBUG org.hibernate.engine.internal.TwoPhaseLoad - Attribute (`monthlyMaintenance`)  - enhanced for lazy-loading? - false
12:20:57.306 [main] DEBUG org.hibernate.engine.internal.TwoPhaseLoad - Processing attribute `name` : value = Pool Table
12:20:57.306 [main] DEBUG org.hibernate.engine.internal.TwoPhaseLoad - Attribute (`name`)  - enhanced for lazy-loading? - false
12:20:57.306 [main] DEBUG org.hibernate.engine.internal.TwoPhaseLoad - Done materializing entity [fr.epita.advjava.datamodel.Facility#8]
Facilities:
Facility[facId=0, name='Tennis Court 1', memberCost=5.0, guestCost=25.0, initialOutlay=10000.0, monthlyMaintenance=200.0]
Facility[facId=1, name='Tennis Court 2', memberCost=5.0, guestCost=25.0, initialOutlay=8000.0, monthlyMaintenance=200.0]
Facility[facId=2, name='Badminton Court', memberCost=0.0, guestCost=16.0, initialOutlay=4000.0, monthlyMaintenance=50.0]
Facility[facId=3, name='Table Tennis', memberCost=0.0, guestCost=5.0, initialOutlay=320.0, monthlyMaintenance=10.0]
Facility[facId=4, name='Massage Room 1', memberCost=35.0, guestCost=80.0, initialOutlay=4000.0, monthlyMaintenance=3000.0]
Facility[facId=5, name='Massage Room 2', memberCost=35.0, guestCost=80.0, initialOutlay=4000.0, monthlyMaintenance=3000.0]
Facility[facId=6, name='Squash Court', memberCost=4.0, guestCost=18.0, initialOutlay=5000.0, monthlyMaintenance=80.0]
Facility[facId=7, name='Snooker Table', memberCost=0.0, guestCost=5.0, initialOutlay=450.0, monthlyMaintenance=15.0]
Facility[facId=8, name='Pool Table', memberCost=0.0, guestCost=5.0, initialOutlay=400.0, monthlyMaintenance=15.0]
12:20:57.323 [main] DEBUG org.springframework.test.context.cache.DefaultCacheAwareContextLoaderDelegate - Retrieved ApplicationContext [1371376476] from cache with key [[MergedContextConfiguration@77c23d90 testClass = TestJPA2, locations = '{}', classes = '{class SpringConfig}', contextInitializerClasses = '[]', activeProfiles = '{}', propertySourceLocations = '{}', propertySourceProperties = '{}', contextCustomizers = set[org.springframework.boot.test.context.filter.ExcludeFilterContextCustomizer@7f485fda, org.springframework.boot.test.json.DuplicateJsonObjectContextCustomizerFactory$DuplicateJsonObjectContextCustomizer@8519cb4, org.springframework.boot.test.mock.mockito.MockitoContextCustomizer@0, org.springframework.boot.test.autoconfigure.actuate.metrics.MetricsExportContextCustomizerFactory$DisableMetricExportContextCustomizer@7ce69770, org.springframework.boot.test.autoconfigure.properties.PropertyMappingContextCustomizer@0, org.springframework.boot.test.autoconfigure.web.servlet.WebDriverContextCustomizerFactory$Customizer@23e84203], contextLoader = 'org.springframework.test.context.support.DelegatingSmartContextLoader', parent = [null]]]
12:20:57.323 [main] DEBUG org.springframework.test.context.cache - Spring test ApplicationContext cache statistics: [DefaultContextCache@374ccb9 size = 1, maxSize = 32, parentContextCount = 0, hitCount = 19, missCount = 1]
12:20:57.324 [main] DEBUG org.springframework.test.context.cache.DefaultCacheAwareContextLoaderDelegate - Retrieved ApplicationContext [1371376476] from cache with key [[MergedContextConfiguration@77c23d90 testClass = TestJPA2, locations = '{}', classes = '{class SpringConfig}', contextInitializerClasses = '[]', activeProfiles = '{}', propertySourceLocations = '{}', propertySourceProperties = '{}', contextCustomizers = set[org.springframework.boot.test.context.filter.ExcludeFilterContextCustomizer@7f485fda, org.springframework.boot.test.json.DuplicateJsonObjectContextCustomizerFactory$DuplicateJsonObjectContextCustomizer@8519cb4, org.springframework.boot.test.mock.mockito.MockitoContextCustomizer@0, org.springframework.boot.test.autoconfigure.actuate.metrics.MetricsExportContextCustomizerFactory$DisableMetricExportContextCustomizer@7ce69770, org.springframework.boot.test.autoconfigure.properties.PropertyMappingContextCustomizer@0, org.springframework.boot.test.autoconfigure.web.servlet.WebDriverContextCustomizerFactory$Customizer@23e84203], contextLoader = 'org.springframework.test.context.support.DelegatingSmartContextLoader', parent = [null]]]
12:20:57.325 [main] DEBUG org.springframework.test.context.cache - Spring test ApplicationContext cache statistics: [DefaultContextCache@374ccb9 size = 1, maxSize = 32, parentContextCount = 0, hitCount = 20, missCount = 1]
12:20:57.325 [main] DEBUG org.springframework.test.context.cache.DefaultCacheAwareContextLoaderDelegate - Retrieved ApplicationContext [1371376476] from cache with key [[MergedContextConfiguration@77c23d90 testClass = TestJPA2, locations = '{}', classes = '{class SpringConfig}', contextInitializerClasses = '[]', activeProfiles = '{}', propertySourceLocations = '{}', propertySourceProperties = '{}', contextCustomizers = set[org.springframework.boot.test.context.filter.ExcludeFilterContextCustomizer@7f485fda, org.springframework.boot.test.json.DuplicateJsonObjectContextCustomizerFactory$DuplicateJsonObjectContextCustomizer@8519cb4, org.springframework.boot.test.mock.mockito.MockitoContextCustomizer@0, org.springframework.boot.test.autoconfigure.actuate.metrics.MetricsExportContextCustomizerFactory$DisableMetricExportContextCustomizer@7ce69770, org.springframework.boot.test.autoconfigure.properties.PropertyMappingContextCustomizer@0, org.springframework.boot.test.autoconfigure.web.servlet.WebDriverContextCustomizerFactory$Customizer@23e84203], contextLoader = 'org.springframework.test.context.support.DelegatingSmartContextLoader', parent = [null]]]
12:20:57.325 [main] DEBUG org.springframework.test.context.cache - Spring test ApplicationContext cache statistics: [DefaultContextCache@374ccb9 size = 1, maxSize = 32, parentContextCount = 0, hitCount = 21, missCount = 1]
12:20:57.325 [main] DEBUG org.springframework.test.context.cache.DefaultCacheAwareContextLoaderDelegate - Retrieved ApplicationContext [1371376476] from cache with key [[MergedContextConfiguration@77c23d90 testClass = TestJPA2, locations = '{}', classes = '{class SpringConfig}', contextInitializerClasses = '[]', activeProfiles = '{}', propertySourceLocations = '{}', propertySourceProperties = '{}', contextCustomizers = set[org.springframework.boot.test.context.filter.ExcludeFilterContextCustomizer@7f485fda, org.springframework.boot.test.json.DuplicateJsonObjectContextCustomizerFactory$DuplicateJsonObjectContextCustomizer@8519cb4, org.springframework.boot.test.mock.mockito.MockitoContextCustomizer@0, org.springframework.boot.test.autoconfigure.actuate.metrics.MetricsExportContextCustomizerFactory$DisableMetricExportContextCustomizer@7ce69770, org.springframework.boot.test.autoconfigure.properties.PropertyMappingContextCustomizer@0, org.springframework.boot.test.autoconfigure.web.servlet.WebDriverContextCustomizerFactory$Customizer@23e84203], contextLoader = 'org.springframework.test.context.support.DelegatingSmartContextLoader', parent = [null]]]
12:20:57.325 [main] DEBUG org.springframework.test.context.cache - Spring test ApplicationContext cache statistics: [DefaultContextCache@374ccb9 size = 1, maxSize = 32, parentContextCount = 0, hitCount = 22, missCount = 1]
12:20:57.326 [main] DEBUG org.springframework.test.context.cache.DefaultCacheAwareContextLoaderDelegate - Retrieved ApplicationContext [1371376476] from cache with key [[MergedContextConfiguration@77c23d90 testClass = TestJPA2, locations = '{}', classes = '{class SpringConfig}', contextInitializerClasses = '[]', activeProfiles = '{}', propertySourceLocations = '{}', propertySourceProperties = '{}', contextCustomizers = set[org.springframework.boot.test.context.filter.ExcludeFilterContextCustomizer@7f485fda, org.springframework.boot.test.json.DuplicateJsonObjectContextCustomizerFactory$DuplicateJsonObjectContextCustomizer@8519cb4, org.springframework.boot.test.mock.mockito.MockitoContextCustomizer@0, org.springframework.boot.test.autoconfigure.actuate.metrics.MetricsExportContextCustomizerFactory$DisableMetricExportContextCustomizer@7ce69770, org.springframework.boot.test.autoconfigure.properties.PropertyMappingContextCustomizer@0, org.springframework.boot.test.autoconfigure.web.servlet.WebDriverContextCustomizerFactory$Customizer@23e84203], contextLoader = 'org.springframework.test.context.support.DelegatingSmartContextLoader', parent = [null]]]
12:20:57.326 [main] DEBUG org.springframework.test.context.cache - Spring test ApplicationContext cache statistics: [DefaultContextCache@374ccb9 size = 1, maxSize = 32, parentContextCount = 0, hitCount = 23, missCount = 1]
12:20:57.327 [main] DEBUG org.springframework.test.context.cache.DefaultCacheAwareContextLoaderDelegate - Retrieved ApplicationContext [1371376476] from cache with key [[MergedContextConfiguration@77c23d90 testClass = TestJPA2, locations = '{}', classes = '{class SpringConfig}', contextInitializerClasses = '[]', activeProfiles = '{}', propertySourceLocations = '{}', propertySourceProperties = '{}', contextCustomizers = set[org.springframework.boot.test.context.filter.ExcludeFilterContextCustomizer@7f485fda, org.springframework.boot.test.json.DuplicateJsonObjectContextCustomizerFactory$DuplicateJsonObjectContextCustomizer@8519cb4, org.springframework.boot.test.mock.mockito.MockitoContextCustomizer@0, org.springframework.boot.test.autoconfigure.actuate.metrics.MetricsExportContextCustomizerFactory$DisableMetricExportContextCustomizer@7ce69770, org.springframework.boot.test.autoconfigure.properties.PropertyMappingContextCustomizer@0, org.springframework.boot.test.autoconfigure.web.servlet.WebDriverContextCustomizerFactory$Customizer@23e84203], contextLoader = 'org.springframework.test.context.support.DelegatingSmartContextLoader', parent = [null]]]
12:20:57.327 [main] DEBUG org.springframework.test.context.cache - Spring test ApplicationContext cache statistics: [DefaultContextCache@374ccb9 size = 1, maxSize = 32, parentContextCount = 0, hitCount = 24, missCount = 1]
12:20:57.328 [main] DEBUG org.springframework.test.context.support.AbstractDirtiesContextTestExecutionListener - After test method: context [DefaultTestContext@74c7522c testClass = TestJPA2, testInstance = TestJPA2@6d17914a, testMethod = testFetchData@TestJPA2, testException = [null], mergedContextConfiguration = [MergedContextConfiguration@77c23d90 testClass = TestJPA2, locations = '{}', classes = '{class SpringConfig}', contextInitializerClasses = '[]', activeProfiles = '{}', propertySourceLocations = '{}', propertySourceProperties = '{}', contextCustomizers = set[org.springframework.boot.test.context.filter.ExcludeFilterContextCustomizer@7f485fda, org.springframework.boot.test.json.DuplicateJsonObjectContextCustomizerFactory$DuplicateJsonObjectContextCustomizer@8519cb4, org.springframework.boot.test.mock.mockito.MockitoContextCustomizer@0, org.springframework.boot.test.autoconfigure.actuate.metrics.MetricsExportContextCustomizerFactory$DisableMetricExportContextCustomizer@7ce69770, org.springframework.boot.test.autoconfigure.properties.PropertyMappingContextCustomizer@0, org.springframework.boot.test.autoconfigure.web.servlet.WebDriverContextCustomizerFactory$Customizer@23e84203], contextLoader = 'org.springframework.test.context.support.DelegatingSmartContextLoader', parent = [null]], attributes = map['org.springframework.test.context.event.ApplicationEventsTestExecutionListener.recordApplicationEvents' -> false]], class annotated with @DirtiesContext [false] with mode [null], method annotated with @DirtiesContext [false] with mode [null].
]]></system-out>
  </testcase>
</testsuite>